<?xml version="1.0" encoding="UTF-8"?>
<robot generator="Robot 6.0.2 (Python 3.11.3 on win32)" generated="20230606 11:20:22.116" rpa="false" schemaversion="3">
<suite id="s1" name="Suites">
<suite id="s1-s1" name="TC 003 PostRequest" source="C:\Users\GuessUser\PycharmProjects\RobotFramework\TestCases\TC_003_PostRequest.robot">
<test id="s1-s1-t1" name="TC_001_Create_User" line="13">
<kw name="Create Session" library="RequestsLibrary">
<arg>mysession</arg>
<arg>${baseurl}</arg>
<doc>Create Session: create a HTTP session to a server</doc>
<msg timestamp="20230606 11:20:22.233" level="INFO">Creating Session using : alias=mysession, url=https://reqres.in/, headers={},                     cookies={}, auth=None, timeout=None, proxies=None, verify=False,                     debug=0 </msg>
<status status="PASS" starttime="20230606 11:20:22.233" endtime="20230606 11:20:22.233"/>
</kw>
<kw name="Create Dictionary" library="BuiltIn">
<var>${body}</var>
<arg>name=igop job=model</arg>
<doc>Creates and returns a dictionary based on the given ``items``.</doc>
<msg timestamp="20230606 11:20:22.233" level="INFO">${body} = {'name': 'igop job=model'}</msg>
<status status="PASS" starttime="20230606 11:20:22.233" endtime="20230606 11:20:22.233"/>
</kw>
<kw name="Create Dictionary" library="BuiltIn">
<var>${header}</var>
<arg>Content-Type=application/json</arg>
<doc>Creates and returns a dictionary based on the given ``items``.</doc>
<msg timestamp="20230606 11:20:22.233" level="INFO">${header} = {'Content-Type': 'application/json'}</msg>
<status status="PASS" starttime="20230606 11:20:22.233" endtime="20230606 11:20:22.233"/>
</kw>
<kw name="POST On Session" library="RequestsLibrary">
<var>${response}</var>
<arg>mysession</arg>
<arg>${relativeurl_endpoint}</arg>
<arg>data=${body}</arg>
<arg>headers=${header}</arg>
<doc>Sends a POST request on a previously created HTTP Session.</doc>
<msg timestamp="20230606 11:20:23.046" level="INFO">POST Request : url=https://reqres.in/api/users 
 path_url=/api/users 
 headers={'User-Agent': 'python-requests/2.31.0', 'Accept-Encoding': 'gzip, deflate', 'Accept': '*/*', 'Connection': 'keep-alive', 'Content-Type': 'application/json', 'Content-Length': '21'} 
 body=name=igop+job%3Dmodel 
 </msg>
<msg timestamp="20230606 11:20:23.046" level="INFO">POST Response : url=https://reqres.in/api/users 
 status=400, reason=Bad Request 
 headers={'Date': 'Tue, 06 Jun 2023 03:20:23 GMT', 'Content-Type': 'text/html; charset=utf-8', 'Transfer-Encoding': 'chunked', 'Connection': 'keep-alive', 'X-Powered-By': 'Express', 'Content-Security-Policy': "default-src 'none'", 'X-Content-Type-Options': 'nosniff', 'Via': '1.1 vegur', 'CF-Cache-Status': 'DYNAMIC', 'Report-To': '{"endpoints":[{"url":"https:\\/\\/a.nel.cloudflare.com\\/report\\/v3?s=8jXongyWp8ZUMEY5TAMjwK6IdhBzvkJGl%2BXYyyyeFcfErC3z4E1nVb0hyZQ3KK5BQTB7ZgrDjfx%2Fh%2FRMsIqUi8Am5Q1P9LxlcXFl2QqN9ehao7UihHGoLq%2BiMRkg9PviWKGOoaJ62Q%3D%3D"}],"group":"cf-nel","max_age":604800}', 'NEL': '{"success_fraction":0,"report_to":"cf-nel","max_age":604800}', 'Server': 'cloudflare', 'CF-RAY': '7d2d84eb3b830fd8-LAX'} 
 body=&lt;!DOCTYPE html&gt;
&lt;html lang="en"&gt;
&lt;head&gt;
&lt;meta charset="utf-8"&gt;
&lt;title&gt;Error&lt;/title&gt;
&lt;/head&gt;
&lt;body&gt;
&lt;pre&gt;Bad Request&lt;/pre&gt;
&lt;/body&gt;
&lt;/html&gt;
 
 </msg>
<msg timestamp="20230606 11:20:23.046" level="INFO">C:\Python\Lib\site-packages\urllib3\connectionpool.py:1095: InsecureRequestWarning: Unverified HTTPS request is being made to host 'reqres.in'. Adding certificate verification is strongly advised. See: https://urllib3.readthedocs.io/en/latest/advanced-usage.html#tls-warnings
  warnings.warn(</msg>
<msg timestamp="20230606 11:20:23.046" level="FAIL">HTTPError: 400 Client Error: Bad Request for url: https://reqres.in/api/users</msg>
<status status="FAIL" starttime="20230606 11:20:22.233" endtime="20230606 11:20:23.046"/>
</kw>
<kw name="Convert To String" library="BuiltIn">
<var>${string_status_code}</var>
<arg>${response.status_code}</arg>
<doc>Converts the given item to a Unicode string.</doc>
<status status="NOT RUN" starttime="20230606 11:20:23.046" endtime="20230606 11:20:23.059"/>
</kw>
<kw name="Log To Console" library="BuiltIn">
<arg>${response.status_code}</arg>
<doc>Logs the given message to the console.</doc>
<status status="NOT RUN" starttime="20230606 11:20:23.059" endtime="20230606 11:20:23.059"/>
</kw>
<kw name="Log To Console" library="BuiltIn">
<arg>${response.content}</arg>
<doc>Logs the given message to the console.</doc>
<status status="NOT RUN" starttime="20230606 11:20:23.059" endtime="20230606 11:20:23.059"/>
</kw>
<kw name="Should Be Equal" library="BuiltIn">
<arg>${string_status_code}</arg>
<arg>201</arg>
<doc>Fails if the given objects are unequal.</doc>
<status status="NOT RUN" starttime="20230606 11:20:23.059" endtime="20230606 11:20:23.059"/>
</kw>
<status status="FAIL" starttime="20230606 11:20:22.233" endtime="20230606 11:20:23.059">HTTPError: 400 Client Error: Bad Request for url: https://reqres.in/api/users</status>
</test>
<status status="FAIL" starttime="20230606 11:20:22.131" endtime="20230606 11:20:23.059"/>
</suite>
<status status="FAIL" starttime="20230606 11:20:22.116" endtime="20230606 11:20:23.059"/>
</suite>
<statistics>
<total>
<stat pass="0" fail="1" skip="0">All Tests</stat>
</total>
<tag>
</tag>
<suite>
<stat pass="0" fail="1" skip="0" id="s1" name="Suites">Suites</stat>
<stat pass="0" fail="1" skip="0" id="s1-s1" name="TC 003 PostRequest">Suites.TC 003 PostRequest</stat>
</suite>
</statistics>
<errors>
</errors>
</robot>
