<?xml version="1.0" encoding="UTF-8"?>
<robot generator="Robot 6.0.2 (Python 3.11.3 on win32)" generated="20230606 11:20:20.421" rpa="false" schemaversion="3">
<suite id="s1" name="Suites">
<suite id="s1-s1" name="TC 002 GetRequest" source="C:\Users\GuessUser\PycharmProjects\RobotFramework\TestCases\TC_002_GetRequest.robot">
<test id="s1-s1-t1" name="TC_001_Fetch_StudentDetails_ByID" line="14">
<kw name="Create Session" library="RequestsLibrary">
<arg>mysession</arg>
<arg>${baseurl}</arg>
<doc>Create Session: create a HTTP session to a server</doc>
<msg timestamp="20230606 11:20:20.563" level="INFO">Creating Session using : alias=mysession, url=https://thetestingworldapi.com/, headers={},                     cookies={}, auth=None, timeout=None, proxies=None, verify=False,                     debug=0 </msg>
<status status="PASS" starttime="20230606 11:20:20.563" endtime="20230606 11:20:20.563"/>
</kw>
<kw name="GET On Session" library="RequestsLibrary">
<var>${response}</var>
<arg>mysession</arg>
<arg>${relativeurl_endpoint}${student_ID}</arg>
<doc>Sends a GET request on a previously created HTTP Session.</doc>
<msg timestamp="20230606 11:20:21.705" level="INFO">GET Request : url=https://thetestingworldapi.com/api/studentsDetails/20 
 path_url=/api/studentsDetails/20 
 headers={'User-Agent': 'python-requests/2.31.0', 'Accept-Encoding': 'gzip, deflate', 'Accept': '*/*', 'Connection': 'keep-alive'} 
 body=None 
 </msg>
<msg timestamp="20230606 11:20:21.705" level="INFO">GET Response : url=https://thetestingworldapi.com/api/studentsDetails/20 
 status=200, reason=OK 
 headers={'Cache-Control': 'no-cache', 'Pragma': 'no-cache', 'Content-Type': 'application/json; charset=utf-8', 'Expires': '-1', 'Server': 'Microsoft-IIS/10.0', 'X-AspNet-Version': '4.0.30319', 'X-Powered-By': 'ASP.NET', 'X-Powered-By-Plesk': 'PleskWin', 'Date': 'Tue, 06 Jun 2023 03:20:20 GMT', 'Content-Length': '40'} 
 body={"status":"false","msg":"No data Found"} 
 </msg>
<msg timestamp="20230606 11:20:21.705" level="INFO">C:\Python\Lib\site-packages\urllib3\connectionpool.py:1095: InsecureRequestWarning: Unverified HTTPS request is being made to host 'thetestingworldapi.com'. Adding certificate verification is strongly advised. See: https://urllib3.readthedocs.io/en/latest/advanced-usage.html#tls-warnings
  warnings.warn(</msg>
<msg timestamp="20230606 11:20:21.705" level="INFO">${response} = &lt;Response [200]&gt;</msg>
<status status="PASS" starttime="20230606 11:20:20.563" endtime="20230606 11:20:21.705"/>
</kw>
<kw name="Log To Console" library="BuiltIn">
<arg>${response.status_code}</arg>
<doc>Logs the given message to the console.</doc>
<status status="PASS" starttime="20230606 11:20:21.705" endtime="20230606 11:20:21.705"/>
</kw>
<kw name="Log To Console" library="BuiltIn">
<arg>${response.content}</arg>
<doc>Logs the given message to the console.</doc>
<status status="PASS" starttime="20230606 11:20:21.705" endtime="20230606 11:20:21.705"/>
</kw>
<kw name="Convert To String" library="BuiltIn">
<var>${string_status_code}</var>
<arg>${response.status_code}</arg>
<doc>Converts the given item to a Unicode string.</doc>
<msg timestamp="20230606 11:20:21.705" level="INFO">${string_status_code} = 200</msg>
<status status="PASS" starttime="20230606 11:20:21.705" endtime="20230606 11:20:21.705"/>
</kw>
<kw name="Should Be Equal" library="BuiltIn">
<arg>${string_status_code}</arg>
<arg>200</arg>
<doc>Fails if the given objects are unequal.</doc>
<status status="PASS" starttime="20230606 11:20:21.705" endtime="20230606 11:20:21.705"/>
</kw>
<status status="PASS" starttime="20230606 11:20:20.563" endtime="20230606 11:20:21.705"/>
</test>
<status status="PASS" starttime="20230606 11:20:20.460" endtime="20230606 11:20:21.705"/>
</suite>
<status status="PASS" starttime="20230606 11:20:20.436" endtime="20230606 11:20:21.721"/>
</suite>
<statistics>
<total>
<stat pass="1" fail="0" skip="0">All Tests</stat>
</total>
<tag>
</tag>
<suite>
<stat pass="1" fail="0" skip="0" id="s1" name="Suites">Suites</stat>
<stat pass="1" fail="0" skip="0" id="s1-s1" name="TC 002 GetRequest">Suites.TC 002 GetRequest</stat>
</suite>
</statistics>
<errors>
</errors>
</robot>
