<?xml version="1.0" encoding="UTF-8"?>
<robot generator="Robot 6.0.2 (Python 3.11.3 on win32)" generated="20240229 19:54:56.200" rpa="false" schemaversion="3">
<suite id="s1" name="Login" source="C:\Users\GuessUser\PycharmProjects\Optimy_iScale\TestCases\Login.robot">
<test id="s1-t1" name="FUNC01_Verify Successful Submitted Application Combination 1" line="15">
<kw name="Given Optimy Login Page URL">
<kw name="Open Browser" library="SeleniumLibrary">
<arg>${optimy_homepage}</arg>
<doc>Opens a new browser instance to the optional ``url``.</doc>
<msg timestamp="20240229 19:54:56.372" level="INFO">Opening browser 'firefox' to base url 'https://qrqck8u5t9co.front.staging.optimy.net/en/'.</msg>
<msg timestamp="20240229 19:54:56.372" level="INFO">Applicable driver not found; attempting to install with Selenium Manager (Beta)</msg>
<status status="PASS" starttime="20240229 19:54:56.372" endtime="20240229 19:55:07.212"/>
</kw>
<kw name="Wait Until Page Contains Element" library="SeleniumLibrary">
<arg>${btn_cookie_close}</arg>
<doc>Waits until the element ``locator`` appears on the current page.</doc>
<status status="PASS" starttime="20240229 19:55:07.212" endtime="20240229 19:55:07.228"/>
</kw>
<kw name="Click Element" library="SeleniumLibrary">
<arg>${btn_cookie_close}</arg>
<doc>Click the element identified by ``locator``.</doc>
<msg timestamp="20240229 19:55:07.228" level="INFO">Clicking element 'id:cookie-close'.</msg>
<status status="PASS" starttime="20240229 19:55:07.228" endtime="20240229 19:55:07.464"/>
</kw>
<kw name="Sleep" library="BuiltIn">
<arg>2</arg>
<doc>Pauses the test executed for the given time.</doc>
<msg timestamp="20240229 19:55:09.464" level="INFO">Slept 2 seconds</msg>
<status status="PASS" starttime="20240229 19:55:07.464" endtime="20240229 19:55:09.464"/>
</kw>
<status status="PASS" starttime="20240229 19:54:56.372" endtime="20240229 19:55:09.464"/>
</kw>
<kw name="When User Logins">
<kw name="Wait Until Page Contains Element" library="SeleniumLibrary">
<arg>${btn_login}</arg>
<doc>Waits until the element ``locator`` appears on the current page.</doc>
<status status="PASS" starttime="20240229 19:55:09.464" endtime="20240229 19:55:09.464"/>
</kw>
<kw name="Click Element" library="SeleniumLibrary">
<arg>${btn_login}</arg>
<doc>Click the element identified by ``locator``.</doc>
<msg timestamp="20240229 19:55:09.464" level="INFO">Clicking element 'css:div.mt-2 a'.</msg>
<status status="PASS" starttime="20240229 19:55:09.464" endtime="20240229 19:55:11.110"/>
</kw>
<kw name="Wait Until Page Contains Element" library="SeleniumLibrary">
<arg>${txt_email}</arg>
<doc>Waits until the element ``locator`` appears on the current page.</doc>
<status status="PASS" starttime="20240229 19:55:11.110" endtime="20240229 19:55:11.114"/>
</kw>
<kw name="Input Text" library="SeleniumLibrary">
<arg>${txt_email}</arg>
<arg>${username}</arg>
<doc>Types the given ``text`` into the text field identified by ``locator``.</doc>
<msg timestamp="20240229 19:55:11.114" level="INFO">Typing text 'optimyautomationtester@gmail.com' into text field 'id:login-email'.</msg>
<status status="PASS" starttime="20240229 19:55:11.114" endtime="20240229 19:55:11.166"/>
</kw>
<kw name="Input Password" library="SeleniumLibrary">
<arg>${txt_password}</arg>
<arg>${password}</arg>
<doc>Types the given password into the text field identified by ``locator``.</doc>
<msg timestamp="20240229 19:55:11.166" level="INFO">Typing password into text field 'id:login-password'.</msg>
<msg timestamp="20240229 19:55:11.174" level="INFO">Temporally setting log level to: NONE</msg>
<msg timestamp="20240229 19:55:11.186" level="INFO">Log level changed from NONE to INFO.</msg>
<status status="PASS" starttime="20240229 19:55:11.166" endtime="20240229 19:55:11.186"/>
</kw>
<kw name="Click Element" library="SeleniumLibrary">
<arg>${btn_submit}</arg>
<doc>Click the element identified by ``locator``.</doc>
<msg timestamp="20240229 19:55:11.186" level="INFO">Clicking element 'css:button.mt-md-2'.</msg>
<status status="PASS" starttime="20240229 19:55:11.186" endtime="20240229 19:55:12.523"/>
</kw>
<status status="PASS" starttime="20240229 19:55:09.464" endtime="20240229 19:55:12.523"/>
</kw>
<kw name="And Submit A New Application">
<arg>first</arg>
<arg>last</arg>
<arg>address</arg>
<arg>1000</arg>
<arg>career</arg>
<arg>Male</arg>
<arg>Manual Automation tester</arg>
<arg>JIRA</arg>
<arg>AF</arg>
<kw name="Set Test Variable" library="BuiltIn">
<arg>${first_name}</arg>
<doc>Makes a variable available everywhere within the scope of the current test.</doc>
<msg timestamp="20240229 19:55:12.523" level="INFO">${first_name} = first</msg>
<status status="PASS" starttime="20240229 19:55:12.523" endtime="20240229 19:55:12.523"/>
</kw>
<kw name="Set Test Variable" library="BuiltIn">
<arg>${last_name}</arg>
<doc>Makes a variable available everywhere within the scope of the current test.</doc>
<msg timestamp="20240229 19:55:12.523" level="INFO">${last_name} = last</msg>
<status status="PASS" starttime="20240229 19:55:12.523" endtime="20240229 19:55:12.523"/>
</kw>
<kw name="Set Test Variable" library="BuiltIn">
<arg>${address}</arg>
<doc>Makes a variable available everywhere within the scope of the current test.</doc>
<msg timestamp="20240229 19:55:12.527" level="INFO">${address} = address</msg>
<status status="PASS" starttime="20240229 19:55:12.527" endtime="20240229 19:55:12.527"/>
</kw>
<kw name="Set Test Variable" library="BuiltIn">
<arg>${postal_code}</arg>
<doc>Makes a variable available everywhere within the scope of the current test.</doc>
<msg timestamp="20240229 19:55:12.527" level="INFO">${postal_code} = 1000</msg>
<status status="PASS" starttime="20240229 19:55:12.527" endtime="20240229 19:55:12.527"/>
</kw>
<kw name="Set Test Variable" library="BuiltIn">
<arg>${career_goal}</arg>
<doc>Makes a variable available everywhere within the scope of the current test.</doc>
<msg timestamp="20240229 19:55:12.527" level="INFO">${career_goal} = career</msg>
<status status="PASS" starttime="20240229 19:55:12.527" endtime="20240229 19:55:12.527"/>
</kw>
<kw name="Set Test Variable" library="BuiltIn">
<arg>${gender}</arg>
<doc>Makes a variable available everywhere within the scope of the current test.</doc>
<msg timestamp="20240229 19:55:12.527" level="INFO">${gender} = Male</msg>
<status status="PASS" starttime="20240229 19:55:12.527" endtime="20240229 19:55:12.527"/>
</kw>
<kw name="Set Test Variable" library="BuiltIn">
<arg>${tools}</arg>
<doc>Makes a variable available everywhere within the scope of the current test.</doc>
<msg timestamp="20240229 19:55:12.527" level="INFO">${tools} = JIRA</msg>
<status status="PASS" starttime="20240229 19:55:12.527" endtime="20240229 19:55:12.527"/>
</kw>
<kw name="Set Test Variable" library="BuiltIn">
<arg>${country_code}</arg>
<doc>Makes a variable available everywhere within the scope of the current test.</doc>
<msg timestamp="20240229 19:55:12.527" level="INFO">${country_code} = AF</msg>
<status status="PASS" starttime="20240229 19:55:12.527" endtime="20240229 19:55:12.527"/>
</kw>
<kw name="Set Test Variable" library="BuiltIn">
<arg>${role}</arg>
<doc>Makes a variable available everywhere within the scope of the current test.</doc>
<msg timestamp="20240229 19:55:12.527" level="INFO">${role} = Manual Automation tester</msg>
<status status="PASS" starttime="20240229 19:55:12.527" endtime="20240229 19:55:12.527"/>
</kw>
<if>
<branch type="IF" condition="'${role}' == 'Manual tester'">
<kw name="Set Variable" library="BuiltIn">
<var>${i}</var>
<arg>2</arg>
<doc>Returns the given values which can then be assigned to a variables.</doc>
<status status="NOT RUN" starttime="20240229 19:55:12.527" endtime="20240229 19:55:12.527"/>
</kw>
<status status="NOT RUN" starttime="20240229 19:55:12.527" endtime="20240229 19:55:12.527"/>
</branch>
<status status="PASS" starttime="20240229 19:55:12.527" endtime="20240229 19:55:12.527"/>
</if>
<if>
<branch type="IF" condition="'${role}' == 'Automation tester'">
<kw name="Set Variable" library="BuiltIn">
<var>${i}</var>
<arg>5</arg>
<doc>Returns the given values which can then be assigned to a variables.</doc>
<status status="NOT RUN" starttime="20240229 19:55:12.527" endtime="20240229 19:55:12.527"/>
</kw>
<status status="NOT RUN" starttime="20240229 19:55:12.527" endtime="20240229 19:55:12.527"/>
</branch>
<status status="PASS" starttime="20240229 19:55:12.527" endtime="20240229 19:55:12.527"/>
</if>
<if>
<branch type="IF" condition="'${role}' == 'Manual Automation tester'">
<kw name="Set Variable" library="BuiltIn">
<var>${i}</var>
<arg>8</arg>
<doc>Returns the given values which can then be assigned to a variables.</doc>
<msg timestamp="20240229 19:55:12.527" level="INFO">${i} = 8</msg>
<status status="PASS" starttime="20240229 19:55:12.527" endtime="20240229 19:55:12.527"/>
</kw>
<status status="PASS" starttime="20240229 19:55:12.527" endtime="20240229 19:55:12.527"/>
</branch>
<status status="PASS" starttime="20240229 19:55:12.527" endtime="20240229 19:55:12.527"/>
</if>
<kw name="Wait Until Page Contains Element" library="SeleniumLibrary">
<arg>${btn_submit_new_application}</arg>
<doc>Waits until the element ``locator`` appears on the current page.</doc>
<status status="PASS" starttime="20240229 19:55:12.527" endtime="20240229 19:55:12.531"/>
</kw>
<kw name="Click Element" library="SeleniumLibrary">
<arg>${btn_submit_new_application}</arg>
<doc>Click the element identified by ``locator``.</doc>
<msg timestamp="20240229 19:55:12.531" level="INFO">Clicking element 'css:a.btn-primary'.</msg>
<status status="PASS" starttime="20240229 19:55:12.531" endtime="20240229 19:55:15.362"/>
</kw>
<kw name="Get Element Count" library="SeleniumLibrary">
<var>${c}</var>
<arg>${lbl_continue_application}</arg>
<doc>Returns the number of elements matching ``locator``.</doc>
<msg timestamp="20240229 19:55:15.382" level="INFO">${c} = 1</msg>
<status status="PASS" starttime="20240229 19:55:15.362" endtime="20240229 19:55:15.382"/>
</kw>
<kw name="Run Keyword If" library="BuiltIn">
<arg>${c}&gt;0</arg>
<arg>Continue Submit New Application</arg>
<doc>Runs the given keyword with the given arguments, if ``condition`` is true.</doc>
<kw name="Continue Submit New Application">
<kw name="Wait Until Page Contains Element" library="SeleniumLibrary">
<arg>${btn_continue_submit_new_application}</arg>
<doc>Waits until the element ``locator`` appears on the current page.</doc>
<status status="PASS" starttime="20240229 19:55:15.382" endtime="20240229 19:55:15.387"/>
</kw>
<kw name="Click Element" library="SeleniumLibrary">
<arg>${btn_continue_submit_new_application}</arg>
<doc>Click the element identified by ``locator``.</doc>
<msg timestamp="20240229 19:55:15.387" level="INFO">Clicking element 'css:a.btn-outline-primary'.</msg>
<status status="PASS" starttime="20240229 19:55:15.387" endtime="20240229 19:55:18.816"/>
</kw>
<status status="PASS" starttime="20240229 19:55:15.382" endtime="20240229 19:55:18.816"/>
</kw>
<status status="PASS" starttime="20240229 19:55:15.382" endtime="20240229 19:55:18.816"/>
</kw>
<kw name="Input Text" library="SeleniumLibrary">
<arg>${txt_first_name}</arg>
<arg>${first_name}</arg>
<doc>Types the given ``text`` into the text field identified by ``locator``.</doc>
<msg timestamp="20240229 19:55:18.816" level="INFO">Typing text 'first' into text field 'id:06c8a27e-7d11-57b2-9286-af8fc8ba5b27'.</msg>
<status status="PASS" starttime="20240229 19:55:18.816" endtime="20240229 19:55:18.929"/>
</kw>
<kw name="Input Text" library="SeleniumLibrary">
<arg>${txt_last_name}</arg>
<arg>${last_name}</arg>
<doc>Types the given ``text`` into the text field identified by ``locator``.</doc>
<msg timestamp="20240229 19:55:18.929" level="INFO">Typing text 'last' into text field 'id:9d848df4-cdd0-50aa-820f-fdedcbda7e11'.</msg>
<status status="PASS" starttime="20240229 19:55:18.929" endtime="20240229 19:55:18.957"/>
</kw>
<kw name="Input Text" library="SeleniumLibrary">
<arg>${txt_unit_num_street}</arg>
<arg>${address}</arg>
<doc>Types the given ``text`` into the text field identified by ``locator``.</doc>
<msg timestamp="20240229 19:55:18.957" level="INFO">Typing text 'address' into text field 'id:852ff964-97c2-5ea0-9674-49b3f95d2e86::17540589-1aa5-5bf7-93fa-d49acf58b711'.</msg>
<status status="PASS" starttime="20240229 19:55:18.957" endtime="20240229 19:55:18.997"/>
</kw>
<kw name="Input Text" library="SeleniumLibrary">
<arg>${txt_postal_code}</arg>
<arg>${postal_code}</arg>
<doc>Types the given ``text`` into the text field identified by ``locator``.</doc>
<msg timestamp="20240229 19:55:18.997" level="INFO">Typing text '1000' into text field 'name:48b06bb5-8a4f-504e-93a7-2c5e888da553::5911b832-9522-524a-9f3c-8014c2ddba1c'.</msg>
<status status="PASS" starttime="20240229 19:55:18.997" endtime="20240229 19:55:19.125"/>
</kw>
<kw name="Sleep" library="BuiltIn">
<arg>2</arg>
<doc>Pauses the test executed for the given time.</doc>
<msg timestamp="20240229 19:55:21.125" level="INFO">Slept 2 seconds</msg>
<status status="PASS" starttime="20240229 19:55:19.125" endtime="20240229 19:55:21.125"/>
</kw>
<kw name="Wait Until Page Contains Element" library="SeleniumLibrary">
<arg>${drpdwn_postal_code}</arg>
<doc>Waits until the element ``locator`` appears on the current page.</doc>
<status status="PASS" starttime="20240229 19:55:21.125" endtime="20240229 19:55:21.125"/>
</kw>
<kw name="Click Element" library="SeleniumLibrary">
<arg>${drpdwn_postal_code}</arg>
<doc>Click the element identified by ``locator``.</doc>
<msg timestamp="20240229 19:55:21.125" level="INFO">Clicking element 'css:ul.ui-menu &gt; li.ui-menu-item:nth-child(1)'.</msg>
<status status="PASS" starttime="20240229 19:55:21.125" endtime="20240229 19:55:21.357"/>
</kw>
<kw name="Click Element" library="SeleniumLibrary">
<arg>${drpdwn_country}</arg>
<doc>Click the element identified by ``locator``.</doc>
<msg timestamp="20240229 19:55:21.357" level="INFO">Clicking element 'id:bf6f7c7f-1da5-55d7-99ac-2866e4a139fd'.</msg>
<status status="PASS" starttime="20240229 19:55:21.357" endtime="20240229 19:55:21.718"/>
</kw>
<kw name="Wait Until Page Contains Element" library="SeleniumLibrary">
<arg>css:option[value="${country_code}"]</arg>
<doc>Waits until the element ``locator`` appears on the current page.</doc>
<status status="PASS" starttime="20240229 19:55:21.718" endtime="20240229 19:55:21.718"/>
</kw>
<kw name="Click Element" library="SeleniumLibrary">
<arg>css:option[value="${country_code}"]</arg>
<doc>Click the element identified by ``locator``.</doc>
<msg timestamp="20240229 19:55:21.718" level="INFO">Clicking element 'css:option[value="AF"]'.</msg>
<status status="PASS" starttime="20240229 19:55:21.718" endtime="20240229 19:55:21.938"/>
</kw>
<kw name="Choose File" library="SeleniumLibrary">
<arg>${btn_browse_files}</arg>
<arg>C:\\Users\\GuessUser\\PycharmProjects\\Optimy_iScale\\TestCases${/}${file_to_upload}</arg>
<doc>Inputs the ``file_path`` into the file input field ``locator``.</doc>
<msg timestamp="20240229 19:55:21.938" level="INFO">Sending C:\Users\GuessUser\PycharmProjects\Optimy_iScale\TestCases\test.png to browser.</msg>
<status status="PASS" starttime="20240229 19:55:21.938" endtime="20240229 19:55:21.938"/>
</kw>
<kw name="Wait Until Page Contains Element" library="SeleniumLibrary">
<arg>css:ul#field_64d3c1af-c688-597d-9803-77e4287f2fbb li label[aria-label="${gender}"] div.custom-control-label</arg>
<doc>Waits until the element ``locator`` appears on the current page.</doc>
<status status="PASS" starttime="20240229 19:55:21.938" endtime="20240229 19:55:21.953"/>
</kw>
<kw name="Click Element" library="SeleniumLibrary">
<arg>css:ul#field_64d3c1af-c688-597d-9803-77e4287f2fbb li label[aria-label="${gender}"] div.custom-control-label</arg>
<doc>Click the element identified by ``locator``.</doc>
<msg timestamp="20240229 19:55:21.953" level="INFO">Clicking element 'css:ul#field_64d3c1af-c688-597d-9803-77e4287f2fbb li label[aria-label="Male"] div.custom-control-label'.</msg>
<status status="PASS" starttime="20240229 19:55:21.953" endtime="20240229 19:55:22.173"/>
</kw>
<kw name="Wait Until Page Contains Element" library="SeleniumLibrary">
<arg>css:select#field_cba99291-980c-5cb1-91c2-1db8d294587b option:nth-child(${i})</arg>
<doc>Waits until the element ``locator`` appears on the current page.</doc>
<status status="PASS" starttime="20240229 19:55:22.173" endtime="20240229 19:55:22.173"/>
</kw>
<kw name="Click Element" library="SeleniumLibrary">
<arg>css:select#field_cba99291-980c-5cb1-91c2-1db8d294587b option:nth-child(${i})</arg>
<doc>Click the element identified by ``locator``.</doc>
<msg timestamp="20240229 19:55:22.173" level="INFO">Clicking element 'css:select#field_cba99291-980c-5cb1-91c2-1db8d294587b option:nth-child(8)'.</msg>
<status status="PASS" starttime="20240229 19:55:22.173" endtime="20240229 19:55:22.424"/>
</kw>
<kw name="Click Element" library="SeleniumLibrary">
<arg>css:label[aria-label="${tools}"]</arg>
<doc>Click the element identified by ``locator``.</doc>
<msg timestamp="20240229 19:55:22.424" level="INFO">Clicking element 'css:label[aria-label="JIRA"]'.</msg>
<status status="PASS" starttime="20240229 19:55:22.424" endtime="20240229 19:55:22.659"/>
</kw>
<kw name="Wait Until Page Contains Element" library="SeleniumLibrary">
<arg>${iframe_career_obj}</arg>
<doc>Waits until the element ``locator`` appears on the current page.</doc>
<status status="PASS" starttime="20240229 19:55:22.659" endtime="20240229 19:55:22.659"/>
</kw>
<kw name="Select Frame" library="SeleniumLibrary">
<arg>${iframe_career_obj}</arg>
<doc>Sets frame identified by ``locator`` as the current frame.</doc>
<msg timestamp="20240229 19:55:22.659" level="INFO">Selecting frame 'css:iframe.cke_reset'.</msg>
<status status="PASS" starttime="20240229 19:55:22.659" endtime="20240229 19:55:22.659"/>
</kw>
<kw name="Execute Javascript" library="SeleniumLibrary">
<arg>document.body.innerHTML = '${career_goal}'</arg>
<doc>Executes the given JavaScript code with possible arguments.</doc>
<msg timestamp="20240229 19:55:22.659" level="INFO">Executing JavaScript:
document.body.innerHTML = 'career'
Without any arguments.</msg>
<status status="PASS" starttime="20240229 19:55:22.659" endtime="20240229 19:55:22.675"/>
</kw>
<kw name="Unselect Frame" library="SeleniumLibrary">
<doc>Sets the main frame as the current frame.</doc>
<status status="PASS" starttime="20240229 19:55:22.675" endtime="20240229 19:55:22.675"/>
</kw>
<kw name="Wait Until Page Contains Element" library="SeleniumLibrary">
<arg>${btn_next_screen}</arg>
<doc>Waits until the element ``locator`` appears on the current page.</doc>
<status status="PASS" starttime="20240229 19:55:22.675" endtime="20240229 19:55:22.675"/>
</kw>
<kw name="Click Element" library="SeleniumLibrary">
<arg>${btn_next_screen}</arg>
<doc>Click the element identified by ``locator``.</doc>
<msg timestamp="20240229 19:55:22.675" level="INFO">Clicking element 'css:button#navButtonNext'.</msg>
<status status="PASS" starttime="20240229 19:55:22.675" endtime="20240229 19:55:22.910"/>
</kw>
<kw name="Sleep" library="BuiltIn">
<arg>3</arg>
<doc>Pauses the test executed for the given time.</doc>
<msg timestamp="20240229 19:55:25.910" level="INFO">Slept 3 seconds</msg>
<status status="PASS" starttime="20240229 19:55:22.910" endtime="20240229 19:55:25.910"/>
</kw>
<kw name="Wait Until Element Is Not Visible" library="SeleniumLibrary">
<arg>${btn_next_screen}</arg>
<doc>Waits until the element ``locator`` is not visible.</doc>
<status status="PASS" starttime="20240229 19:55:25.910" endtime="20240229 19:55:26.972"/>
</kw>
<status status="PASS" starttime="20240229 19:55:12.523" endtime="20240229 19:55:26.972"/>
</kw>
<kw name="Then Input Values Are Correct in Summary">
<kw name="Sleep" library="BuiltIn">
<arg>3</arg>
<doc>Pauses the test executed for the given time.</doc>
<msg timestamp="20240229 19:55:29.972" level="INFO">Slept 3 seconds</msg>
<status status="PASS" starttime="20240229 19:55:26.972" endtime="20240229 19:55:29.972"/>
</kw>
<kw name="Wait Until Page Contains Element" library="SeleniumLibrary">
<arg>${summary_first_name}</arg>
<doc>Waits until the element ``locator`` appears on the current page.</doc>
<status status="PASS" starttime="20240229 19:55:29.972" endtime="20240229 19:55:29.972"/>
</kw>
<kw name="Get Text" library="SeleniumLibrary">
<var>${actual_firstname}</var>
<arg>${summary_first_name}</arg>
<doc>Returns the text value of the element identified by ``locator``.</doc>
<msg timestamp="20240229 19:55:29.986" level="INFO">${actual_firstname} = first</msg>
<status status="PASS" starttime="20240229 19:55:29.972" endtime="20240229 19:55:29.986"/>
</kw>
<kw name="Should Be Equal As Strings" library="BuiltIn">
<arg>${actual_firstname}</arg>
<arg>${first_name}</arg>
<doc>Fails if objects are unequal after converting them to strings.</doc>
<status status="PASS" starttime="20240229 19:55:29.986" endtime="20240229 19:55:29.986"/>
</kw>
<kw name="Wait Until Page Contains Element" library="SeleniumLibrary">
<arg>${summary_house_num}</arg>
<doc>Waits until the element ``locator`` appears on the current page.</doc>
<status status="PASS" starttime="20240229 19:55:29.986" endtime="20240229 19:55:29.986"/>
</kw>
<kw name="Get Text" library="SeleniumLibrary">
<var>${actual_summary_house_num}</var>
<arg>${summary_house_num}</arg>
<doc>Returns the text value of the element identified by ``locator``.</doc>
<msg timestamp="20240229 19:55:29.986" level="INFO">${actual_summary_house_num} = address</msg>
<status status="PASS" starttime="20240229 19:55:29.986" endtime="20240229 19:55:29.986"/>
</kw>
<kw name="Should Be Equal As Strings" library="BuiltIn">
<arg>${actual_summary_house_num}</arg>
<arg>${address}</arg>
<doc>Fails if objects are unequal after converting them to strings.</doc>
<status status="PASS" starttime="20240229 19:55:29.986" endtime="20240229 19:55:29.986"/>
</kw>
<kw name="Wait Until Page Contains Element" library="SeleniumLibrary">
<arg>${summary_postal}</arg>
<doc>Waits until the element ``locator`` appears on the current page.</doc>
<status status="PASS" starttime="20240229 19:55:29.986" endtime="20240229 19:55:29.986"/>
</kw>
<kw name="Get Text" library="SeleniumLibrary">
<var>${actual_summary_postal}</var>
<arg>${summary_postal}</arg>
<doc>Returns the text value of the element identified by ``locator``.</doc>
<msg timestamp="20240229 19:55:30.002" level="INFO">${actual_summary_postal} = 1000</msg>
<status status="PASS" starttime="20240229 19:55:30.002" endtime="20240229 19:55:30.002"/>
</kw>
<kw name="Should Be Equal As Strings" library="BuiltIn">
<arg>${actual_summary_postal}</arg>
<arg>${postal_code}</arg>
<doc>Fails if objects are unequal after converting them to strings.</doc>
<status status="PASS" starttime="20240229 19:55:30.002" endtime="20240229 19:55:30.002"/>
</kw>
<kw name="Wait Until Page Contains Element" library="SeleniumLibrary">
<arg>${summary_country}</arg>
<doc>Waits until the element ``locator`` appears on the current page.</doc>
<status status="PASS" starttime="20240229 19:55:30.002" endtime="20240229 19:55:30.002"/>
</kw>
<kw name="Get Text" library="SeleniumLibrary">
<var>${actual_summary_country}</var>
<arg>${summary_country}</arg>
<doc>Returns the text value of the element identified by ``locator``.</doc>
<msg timestamp="20240229 19:55:30.018" level="INFO">${actual_summary_country} = Afghanistan</msg>
<status status="PASS" starttime="20240229 19:55:30.002" endtime="20240229 19:55:30.018"/>
</kw>
<kw name="Should Be Equal As Strings" library="BuiltIn">
<arg>${actual_summary_country}</arg>
<arg>Afghanistan</arg>
<doc>Fails if objects are unequal after converting them to strings.</doc>
<status status="PASS" starttime="20240229 19:55:30.018" endtime="20240229 19:55:30.018"/>
</kw>
<kw name="Wait Until Page Contains Element" library="SeleniumLibrary">
<arg>${summary_photo}</arg>
<doc>Waits until the element ``locator`` appears on the current page.</doc>
<status status="PASS" starttime="20240229 19:55:30.018" endtime="20240229 19:55:30.018"/>
</kw>
<kw name="Get Text" library="SeleniumLibrary">
<var>${actual_summary_country}</var>
<arg>${summary_photo}</arg>
<doc>Returns the text value of the element identified by ``locator``.</doc>
<msg timestamp="20240229 19:55:30.033" level="INFO">${actual_summary_country} = test.png</msg>
<status status="PASS" starttime="20240229 19:55:30.018" endtime="20240229 19:55:30.033"/>
</kw>
<kw name="Should Be Equal As Strings" library="BuiltIn">
<arg>${actual_summary_country}</arg>
<arg>test.png</arg>
<doc>Fails if objects are unequal after converting them to strings.</doc>
<status status="PASS" starttime="20240229 19:55:30.033" endtime="20240229 19:55:30.033"/>
</kw>
<kw name="Wait Until Page Contains Element" library="SeleniumLibrary">
<arg>${summary_gender}</arg>
<doc>Waits until the element ``locator`` appears on the current page.</doc>
<status status="PASS" starttime="20240229 19:55:30.033" endtime="20240229 19:55:30.033"/>
</kw>
<kw name="Get Text" library="SeleniumLibrary">
<var>${actual_summary_gender}</var>
<arg>${summary_gender}</arg>
<doc>Returns the text value of the element identified by ``locator``.</doc>
<msg timestamp="20240229 19:55:30.033" level="INFO">${actual_summary_gender} = Male</msg>
<status status="PASS" starttime="20240229 19:55:30.033" endtime="20240229 19:55:30.033"/>
</kw>
<kw name="Should Be Equal As Strings" library="BuiltIn">
<arg>${actual_summary_gender}</arg>
<arg>${gender}</arg>
<doc>Fails if objects are unequal after converting them to strings.</doc>
<status status="PASS" starttime="20240229 19:55:30.033" endtime="20240229 19:55:30.033"/>
</kw>
<kw name="Wait Until Page Contains Element" library="SeleniumLibrary">
<arg>${summary_role}</arg>
<doc>Waits until the element ``locator`` appears on the current page.</doc>
<status status="PASS" starttime="20240229 19:55:30.033" endtime="20240229 19:55:30.033"/>
</kw>
<kw name="Get Text" library="SeleniumLibrary">
<var>${actual_summary_role}</var>
<arg>${summary_role}</arg>
<doc>Returns the text value of the element identified by ``locator``.</doc>
<msg timestamp="20240229 19:55:30.049" level="INFO">${actual_summary_role} = Manual + Automation tester</msg>
<status status="PASS" starttime="20240229 19:55:30.033" endtime="20240229 19:55:30.049"/>
</kw>
<if>
<branch type="IF" condition="'${role}' == 'Manual Automation tester'">
<kw name="Set Variable" library="BuiltIn">
<var>${role}</var>
<arg>Manual + Automation tester</arg>
<doc>Returns the given values which can then be assigned to a variables.</doc>
<msg timestamp="20240229 19:55:30.049" level="INFO">${role} = Manual + Automation tester</msg>
<status status="PASS" starttime="20240229 19:55:30.049" endtime="20240229 19:55:30.049"/>
</kw>
<status status="PASS" starttime="20240229 19:55:30.049" endtime="20240229 19:55:30.049"/>
</branch>
<status status="PASS" starttime="20240229 19:55:30.049" endtime="20240229 19:55:30.049"/>
</if>
<kw name="Should Be Equal As Strings" library="BuiltIn">
<arg>${actual_summary_role}</arg>
<arg>${role}</arg>
<doc>Fails if objects are unequal after converting them to strings.</doc>
<status status="PASS" starttime="20240229 19:55:30.049" endtime="20240229 19:55:30.049"/>
</kw>
<kw name="Wait Until Page Contains Element" library="SeleniumLibrary">
<arg>${summary_tools}</arg>
<doc>Waits until the element ``locator`` appears on the current page.</doc>
<status status="PASS" starttime="20240229 19:55:30.049" endtime="20240229 19:55:30.049"/>
</kw>
<kw name="Get Text" library="SeleniumLibrary">
<var>${actual_summary_tools}</var>
<arg>${summary_tools}</arg>
<doc>Returns the text value of the element identified by ``locator``.</doc>
<msg timestamp="20240229 19:55:30.065" level="INFO">${actual_summary_tools} = JIRA</msg>
<status status="PASS" starttime="20240229 19:55:30.049" endtime="20240229 19:55:30.065"/>
</kw>
<kw name="Should Be Equal As Strings" library="BuiltIn">
<arg>${actual_summary_tools}</arg>
<arg>${tools}</arg>
<doc>Fails if objects are unequal after converting them to strings.</doc>
<status status="PASS" starttime="20240229 19:55:30.065" endtime="20240229 19:55:30.065"/>
</kw>
<kw name="Wait Until Page Contains Element" library="SeleniumLibrary">
<arg>${summary_career_obj}</arg>
<doc>Waits until the element ``locator`` appears on the current page.</doc>
<status status="PASS" starttime="20240229 19:55:30.065" endtime="20240229 19:55:30.065"/>
</kw>
<kw name="Get Text" library="SeleniumLibrary">
<var>${actual_summary_career_obj}</var>
<arg>${summary_career_obj}</arg>
<doc>Returns the text value of the element identified by ``locator``.</doc>
<msg timestamp="20240229 19:55:30.071" level="INFO">${actual_summary_career_obj} = career</msg>
<status status="PASS" starttime="20240229 19:55:30.065" endtime="20240229 19:55:30.071"/>
</kw>
<kw name="Should Be Equal As Strings" library="BuiltIn">
<arg>${actual_summary_career_obj}</arg>
<arg>${career_goal}</arg>
<doc>Fails if objects are unequal after converting them to strings.</doc>
<status status="PASS" starttime="20240229 19:55:30.071" endtime="20240229 19:55:30.071"/>
</kw>
<kw name="Click Element" library="SeleniumLibrary">
<arg>${btn_validate_and_send}</arg>
<doc>Click the element identified by ``locator``.</doc>
<msg timestamp="20240229 19:55:30.071" level="INFO">Clicking element 'css:div.d-none button#submitButton'.</msg>
<status status="PASS" starttime="20240229 19:55:30.071" endtime="20240229 19:55:30.300"/>
</kw>
<status status="PASS" starttime="20240229 19:55:26.972" endtime="20240229 19:55:30.300"/>
</kw>
<kw name="And Thank You Message Was Displayed">
<kw name="Wait Until Page Contains Element" library="SeleniumLibrary">
<arg>${txt_thank_you_msg}</arg>
<doc>Waits until the element ``locator`` appears on the current page.</doc>
<status status="PASS" starttime="20240229 19:55:30.300" endtime="20240229 19:55:31.134"/>
</kw>
<status status="PASS" starttime="20240229 19:55:30.300" endtime="20240229 19:55:31.134"/>
</kw>
<kw name="Close Browser" library="SeleniumLibrary" type="TEARDOWN">
<doc>Closes the current browser.</doc>
<status status="PASS" starttime="20240229 19:55:31.134" endtime="20240229 19:55:33.987"/>
</kw>
<status status="PASS" starttime="20240229 19:54:56.372" endtime="20240229 19:55:33.987"/>
</test>
<test id="s1-t2" name="FUNC02_Verify Successful Submitted Application Combination 2" line="22">
<kw name="Given Optimy Login Page URL">
<kw name="Open Browser" library="SeleniumLibrary">
<arg>${optimy_homepage}</arg>
<doc>Opens a new browser instance to the optional ``url``.</doc>
<msg timestamp="20240229 19:55:33.987" level="INFO">Opening browser 'firefox' to base url 'https://qrqck8u5t9co.front.staging.optimy.net/en/'.</msg>
<msg timestamp="20240229 19:55:33.987" level="INFO">Applicable driver not found; attempting to install with Selenium Manager (Beta)</msg>
<status status="PASS" starttime="20240229 19:55:33.987" endtime="20240229 19:55:47.936"/>
</kw>
<kw name="Wait Until Page Contains Element" library="SeleniumLibrary">
<arg>${btn_cookie_close}</arg>
<doc>Waits until the element ``locator`` appears on the current page.</doc>
<status status="PASS" starttime="20240229 19:55:47.936" endtime="20240229 19:55:47.967"/>
</kw>
<kw name="Click Element" library="SeleniumLibrary">
<arg>${btn_cookie_close}</arg>
<doc>Click the element identified by ``locator``.</doc>
<msg timestamp="20240229 19:55:47.967" level="INFO">Clicking element 'id:cookie-close'.</msg>
<status status="PASS" starttime="20240229 19:55:47.967" endtime="20240229 19:55:48.203"/>
</kw>
<kw name="Sleep" library="BuiltIn">
<arg>2</arg>
<doc>Pauses the test executed for the given time.</doc>
<msg timestamp="20240229 19:55:50.203" level="INFO">Slept 2 seconds</msg>
<status status="PASS" starttime="20240229 19:55:48.203" endtime="20240229 19:55:50.203"/>
</kw>
<status status="PASS" starttime="20240229 19:55:33.987" endtime="20240229 19:55:50.203"/>
</kw>
<kw name="When User Logins">
<kw name="Wait Until Page Contains Element" library="SeleniumLibrary">
<arg>${btn_login}</arg>
<doc>Waits until the element ``locator`` appears on the current page.</doc>
<status status="PASS" starttime="20240229 19:55:50.203" endtime="20240229 19:55:50.206"/>
</kw>
<kw name="Click Element" library="SeleniumLibrary">
<arg>${btn_login}</arg>
<doc>Click the element identified by ``locator``.</doc>
<msg timestamp="20240229 19:55:50.206" level="INFO">Clicking element 'css:div.mt-2 a'.</msg>
<status status="PASS" starttime="20240229 19:55:50.206" endtime="20240229 19:55:54.025"/>
</kw>
<kw name="Wait Until Page Contains Element" library="SeleniumLibrary">
<arg>${txt_email}</arg>
<doc>Waits until the element ``locator`` appears on the current page.</doc>
<status status="PASS" starttime="20240229 19:55:54.029" endtime="20240229 19:55:54.033"/>
</kw>
<kw name="Input Text" library="SeleniumLibrary">
<arg>${txt_email}</arg>
<arg>${username}</arg>
<doc>Types the given ``text`` into the text field identified by ``locator``.</doc>
<msg timestamp="20240229 19:55:54.033" level="INFO">Typing text 'optimyautomationtester@gmail.com' into text field 'id:login-email'.</msg>
<status status="PASS" starttime="20240229 19:55:54.033" endtime="20240229 19:55:54.085"/>
</kw>
<kw name="Input Password" library="SeleniumLibrary">
<arg>${txt_password}</arg>
<arg>${password}</arg>
<doc>Types the given password into the text field identified by ``locator``.</doc>
<msg timestamp="20240229 19:55:54.085" level="INFO">Typing password into text field 'id:login-password'.</msg>
<msg timestamp="20240229 19:55:54.089" level="INFO">Temporally setting log level to: NONE</msg>
<msg timestamp="20240229 19:55:54.101" level="INFO">Log level changed from NONE to INFO.</msg>
<status status="PASS" starttime="20240229 19:55:54.085" endtime="20240229 19:55:54.101"/>
</kw>
<kw name="Click Element" library="SeleniumLibrary">
<arg>${btn_submit}</arg>
<doc>Click the element identified by ``locator``.</doc>
<msg timestamp="20240229 19:55:54.101" level="INFO">Clicking element 'css:button.mt-md-2'.</msg>
<status status="PASS" starttime="20240229 19:55:54.101" endtime="20240229 19:55:56.264"/>
</kw>
<status status="PASS" starttime="20240229 19:55:50.203" endtime="20240229 19:55:56.264"/>
</kw>
<kw name="And Submit A New Application">
<arg>new</arg>
<arg>one</arg>
<arg>address123</arg>
<arg>1000</arg>
<arg>careers</arg>
<arg>Female</arg>
<arg>Manual tester</arg>
<arg>Spreadsheet</arg>
<arg>AF</arg>
<kw name="Set Test Variable" library="BuiltIn">
<arg>${first_name}</arg>
<doc>Makes a variable available everywhere within the scope of the current test.</doc>
<msg timestamp="20240229 19:55:56.267" level="INFO">${first_name} = new</msg>
<status status="PASS" starttime="20240229 19:55:56.267" endtime="20240229 19:55:56.267"/>
</kw>
<kw name="Set Test Variable" library="BuiltIn">
<arg>${last_name}</arg>
<doc>Makes a variable available everywhere within the scope of the current test.</doc>
<msg timestamp="20240229 19:55:56.267" level="INFO">${last_name} = one</msg>
<status status="PASS" starttime="20240229 19:55:56.267" endtime="20240229 19:55:56.267"/>
</kw>
<kw name="Set Test Variable" library="BuiltIn">
<arg>${address}</arg>
<doc>Makes a variable available everywhere within the scope of the current test.</doc>
<msg timestamp="20240229 19:55:56.267" level="INFO">${address} = address123</msg>
<status status="PASS" starttime="20240229 19:55:56.267" endtime="20240229 19:55:56.267"/>
</kw>
<kw name="Set Test Variable" library="BuiltIn">
<arg>${postal_code}</arg>
<doc>Makes a variable available everywhere within the scope of the current test.</doc>
<msg timestamp="20240229 19:55:56.267" level="INFO">${postal_code} = 1000</msg>
<status status="PASS" starttime="20240229 19:55:56.267" endtime="20240229 19:55:56.267"/>
</kw>
<kw name="Set Test Variable" library="BuiltIn">
<arg>${career_goal}</arg>
<doc>Makes a variable available everywhere within the scope of the current test.</doc>
<msg timestamp="20240229 19:55:56.267" level="INFO">${career_goal} = careers</msg>
<status status="PASS" starttime="20240229 19:55:56.267" endtime="20240229 19:55:56.267"/>
</kw>
<kw name="Set Test Variable" library="BuiltIn">
<arg>${gender}</arg>
<doc>Makes a variable available everywhere within the scope of the current test.</doc>
<msg timestamp="20240229 19:55:56.269" level="INFO">${gender} = Female</msg>
<status status="PASS" starttime="20240229 19:55:56.267" endtime="20240229 19:55:56.269"/>
</kw>
<kw name="Set Test Variable" library="BuiltIn">
<arg>${tools}</arg>
<doc>Makes a variable available everywhere within the scope of the current test.</doc>
<msg timestamp="20240229 19:55:56.269" level="INFO">${tools} = Spreadsheet</msg>
<status status="PASS" starttime="20240229 19:55:56.269" endtime="20240229 19:55:56.269"/>
</kw>
<kw name="Set Test Variable" library="BuiltIn">
<arg>${country_code}</arg>
<doc>Makes a variable available everywhere within the scope of the current test.</doc>
<msg timestamp="20240229 19:55:56.269" level="INFO">${country_code} = AF</msg>
<status status="PASS" starttime="20240229 19:55:56.269" endtime="20240229 19:55:56.269"/>
</kw>
<kw name="Set Test Variable" library="BuiltIn">
<arg>${role}</arg>
<doc>Makes a variable available everywhere within the scope of the current test.</doc>
<msg timestamp="20240229 19:55:56.269" level="INFO">${role} = Manual tester</msg>
<status status="PASS" starttime="20240229 19:55:56.269" endtime="20240229 19:55:56.269"/>
</kw>
<if>
<branch type="IF" condition="'${role}' == 'Manual tester'">
<kw name="Set Variable" library="BuiltIn">
<var>${i}</var>
<arg>2</arg>
<doc>Returns the given values which can then be assigned to a variables.</doc>
<msg timestamp="20240229 19:55:56.269" level="INFO">${i} = 2</msg>
<status status="PASS" starttime="20240229 19:55:56.269" endtime="20240229 19:55:56.269"/>
</kw>
<status status="PASS" starttime="20240229 19:55:56.269" endtime="20240229 19:55:56.269"/>
</branch>
<status status="PASS" starttime="20240229 19:55:56.269" endtime="20240229 19:55:56.269"/>
</if>
<if>
<branch type="IF" condition="'${role}' == 'Automation tester'">
<kw name="Set Variable" library="BuiltIn">
<var>${i}</var>
<arg>5</arg>
<doc>Returns the given values which can then be assigned to a variables.</doc>
<status status="NOT RUN" starttime="20240229 19:55:56.269" endtime="20240229 19:55:56.269"/>
</kw>
<status status="NOT RUN" starttime="20240229 19:55:56.269" endtime="20240229 19:55:56.269"/>
</branch>
<status status="PASS" starttime="20240229 19:55:56.269" endtime="20240229 19:55:56.269"/>
</if>
<if>
<branch type="IF" condition="'${role}' == 'Manual Automation tester'">
<kw name="Set Variable" library="BuiltIn">
<var>${i}</var>
<arg>8</arg>
<doc>Returns the given values which can then be assigned to a variables.</doc>
<status status="NOT RUN" starttime="20240229 19:55:56.269" endtime="20240229 19:55:56.269"/>
</kw>
<status status="NOT RUN" starttime="20240229 19:55:56.269" endtime="20240229 19:55:56.269"/>
</branch>
<status status="PASS" starttime="20240229 19:55:56.269" endtime="20240229 19:55:56.269"/>
</if>
<kw name="Wait Until Page Contains Element" library="SeleniumLibrary">
<arg>${btn_submit_new_application}</arg>
<doc>Waits until the element ``locator`` appears on the current page.</doc>
<status status="PASS" starttime="20240229 19:55:56.269" endtime="20240229 19:55:56.273"/>
</kw>
<kw name="Click Element" library="SeleniumLibrary">
<arg>${btn_submit_new_application}</arg>
<doc>Click the element identified by ``locator``.</doc>
<msg timestamp="20240229 19:55:56.273" level="INFO">Clicking element 'css:a.btn-primary'.</msg>
<status status="PASS" starttime="20240229 19:55:56.273" endtime="20240229 19:55:59.815"/>
</kw>
<kw name="Get Element Count" library="SeleniumLibrary">
<var>${c}</var>
<arg>${lbl_continue_application}</arg>
<doc>Returns the number of elements matching ``locator``.</doc>
<msg timestamp="20240229 19:55:59.824" level="INFO">${c} = 1</msg>
<status status="PASS" starttime="20240229 19:55:59.815" endtime="20240229 19:55:59.824"/>
</kw>
<kw name="Run Keyword If" library="BuiltIn">
<arg>${c}&gt;0</arg>
<arg>Continue Submit New Application</arg>
<doc>Runs the given keyword with the given arguments, if ``condition`` is true.</doc>
<kw name="Continue Submit New Application">
<kw name="Wait Until Page Contains Element" library="SeleniumLibrary">
<arg>${btn_continue_submit_new_application}</arg>
<doc>Waits until the element ``locator`` appears on the current page.</doc>
<status status="PASS" starttime="20240229 19:55:59.824" endtime="20240229 19:55:59.840"/>
</kw>
<kw name="Click Element" library="SeleniumLibrary">
<arg>${btn_continue_submit_new_application}</arg>
<doc>Click the element identified by ``locator``.</doc>
<msg timestamp="20240229 19:55:59.840" level="INFO">Clicking element 'css:a.btn-outline-primary'.</msg>
<status status="PASS" starttime="20240229 19:55:59.840" endtime="20240229 19:56:04.315"/>
</kw>
<status status="PASS" starttime="20240229 19:55:59.824" endtime="20240229 19:56:04.315"/>
</kw>
<status status="PASS" starttime="20240229 19:55:59.824" endtime="20240229 19:56:04.315"/>
</kw>
<kw name="Input Text" library="SeleniumLibrary">
<arg>${txt_first_name}</arg>
<arg>${first_name}</arg>
<doc>Types the given ``text`` into the text field identified by ``locator``.</doc>
<msg timestamp="20240229 19:56:04.315" level="INFO">Typing text 'new' into text field 'id:06c8a27e-7d11-57b2-9286-af8fc8ba5b27'.</msg>
<status status="PASS" starttime="20240229 19:56:04.315" endtime="20240229 19:56:04.425"/>
</kw>
<kw name="Input Text" library="SeleniumLibrary">
<arg>${txt_last_name}</arg>
<arg>${last_name}</arg>
<doc>Types the given ``text`` into the text field identified by ``locator``.</doc>
<msg timestamp="20240229 19:56:04.425" level="INFO">Typing text 'one' into text field 'id:9d848df4-cdd0-50aa-820f-fdedcbda7e11'.</msg>
<status status="PASS" starttime="20240229 19:56:04.425" endtime="20240229 19:56:04.457"/>
</kw>
<kw name="Input Text" library="SeleniumLibrary">
<arg>${txt_unit_num_street}</arg>
<arg>${address}</arg>
<doc>Types the given ``text`` into the text field identified by ``locator``.</doc>
<msg timestamp="20240229 19:56:04.457" level="INFO">Typing text 'address123' into text field 'id:852ff964-97c2-5ea0-9674-49b3f95d2e86::17540589-1aa5-5bf7-93fa-d49acf58b711'.</msg>
<status status="PASS" starttime="20240229 19:56:04.457" endtime="20240229 19:56:04.489"/>
</kw>
<kw name="Input Text" library="SeleniumLibrary">
<arg>${txt_postal_code}</arg>
<arg>${postal_code}</arg>
<doc>Types the given ``text`` into the text field identified by ``locator``.</doc>
<msg timestamp="20240229 19:56:04.489" level="INFO">Typing text '1000' into text field 'name:48b06bb5-8a4f-504e-93a7-2c5e888da553::5911b832-9522-524a-9f3c-8014c2ddba1c'.</msg>
<status status="PASS" starttime="20240229 19:56:04.489" endtime="20240229 19:56:04.605"/>
</kw>
<kw name="Sleep" library="BuiltIn">
<arg>2</arg>
<doc>Pauses the test executed for the given time.</doc>
<msg timestamp="20240229 19:56:06.606" level="INFO">Slept 2 seconds</msg>
<status status="PASS" starttime="20240229 19:56:04.605" endtime="20240229 19:56:06.606"/>
</kw>
<kw name="Wait Until Page Contains Element" library="SeleniumLibrary">
<arg>${drpdwn_postal_code}</arg>
<doc>Waits until the element ``locator`` appears on the current page.</doc>
<status status="PASS" starttime="20240229 19:56:06.606" endtime="20240229 19:56:06.607"/>
</kw>
<kw name="Click Element" library="SeleniumLibrary">
<arg>${drpdwn_postal_code}</arg>
<doc>Click the element identified by ``locator``.</doc>
<msg timestamp="20240229 19:56:06.607" level="INFO">Clicking element 'css:ul.ui-menu &gt; li.ui-menu-item:nth-child(1)'.</msg>
<status status="PASS" starttime="20240229 19:56:06.607" endtime="20240229 19:56:06.823"/>
</kw>
<kw name="Click Element" library="SeleniumLibrary">
<arg>${drpdwn_country}</arg>
<doc>Click the element identified by ``locator``.</doc>
<msg timestamp="20240229 19:56:06.823" level="INFO">Clicking element 'id:bf6f7c7f-1da5-55d7-99ac-2866e4a139fd'.</msg>
<status status="PASS" starttime="20240229 19:56:06.823" endtime="20240229 19:56:07.181"/>
</kw>
<kw name="Wait Until Page Contains Element" library="SeleniumLibrary">
<arg>css:option[value="${country_code}"]</arg>
<doc>Waits until the element ``locator`` appears on the current page.</doc>
<status status="PASS" starttime="20240229 19:56:07.181" endtime="20240229 19:56:07.186"/>
</kw>
<kw name="Click Element" library="SeleniumLibrary">
<arg>css:option[value="${country_code}"]</arg>
<doc>Click the element identified by ``locator``.</doc>
<msg timestamp="20240229 19:56:07.186" level="INFO">Clicking element 'css:option[value="AF"]'.</msg>
<status status="PASS" starttime="20240229 19:56:07.186" endtime="20240229 19:56:07.404"/>
</kw>
<kw name="Choose File" library="SeleniumLibrary">
<arg>${btn_browse_files}</arg>
<arg>C:\\Users\\GuessUser\\PycharmProjects\\Optimy_iScale\\TestCases${/}${file_to_upload}</arg>
<doc>Inputs the ``file_path`` into the file input field ``locator``.</doc>
<msg timestamp="20240229 19:56:07.404" level="INFO">Sending C:\Users\GuessUser\PycharmProjects\Optimy_iScale\TestCases\test.png to browser.</msg>
<status status="PASS" starttime="20240229 19:56:07.404" endtime="20240229 19:56:07.416"/>
</kw>
<kw name="Wait Until Page Contains Element" library="SeleniumLibrary">
<arg>css:ul#field_64d3c1af-c688-597d-9803-77e4287f2fbb li label[aria-label="${gender}"] div.custom-control-label</arg>
<doc>Waits until the element ``locator`` appears on the current page.</doc>
<status status="PASS" starttime="20240229 19:56:07.416" endtime="20240229 19:56:07.416"/>
</kw>
<kw name="Click Element" library="SeleniumLibrary">
<arg>css:ul#field_64d3c1af-c688-597d-9803-77e4287f2fbb li label[aria-label="${gender}"] div.custom-control-label</arg>
<doc>Click the element identified by ``locator``.</doc>
<msg timestamp="20240229 19:56:07.420" level="INFO">Clicking element 'css:ul#field_64d3c1af-c688-597d-9803-77e4287f2fbb li label[aria-label="Female"] div.custom-control-label'.</msg>
<status status="PASS" starttime="20240229 19:56:07.416" endtime="20240229 19:56:07.636"/>
</kw>
<kw name="Wait Until Page Contains Element" library="SeleniumLibrary">
<arg>css:select#field_cba99291-980c-5cb1-91c2-1db8d294587b option:nth-child(${i})</arg>
<doc>Waits until the element ``locator`` appears on the current page.</doc>
<status status="PASS" starttime="20240229 19:56:07.636" endtime="20240229 19:56:07.648"/>
</kw>
<kw name="Click Element" library="SeleniumLibrary">
<arg>css:select#field_cba99291-980c-5cb1-91c2-1db8d294587b option:nth-child(${i})</arg>
<doc>Click the element identified by ``locator``.</doc>
<msg timestamp="20240229 19:56:07.652" level="INFO">Clicking element 'css:select#field_cba99291-980c-5cb1-91c2-1db8d294587b option:nth-child(2)'.</msg>
<status status="PASS" starttime="20240229 19:56:07.648" endtime="20240229 19:56:07.917"/>
</kw>
<kw name="Click Element" library="SeleniumLibrary">
<arg>css:label[aria-label="${tools}"]</arg>
<doc>Click the element identified by ``locator``.</doc>
<msg timestamp="20240229 19:56:07.917" level="INFO">Clicking element 'css:label[aria-label="Spreadsheet"]'.</msg>
<status status="PASS" starttime="20240229 19:56:07.917" endtime="20240229 19:56:08.138"/>
</kw>
<kw name="Wait Until Page Contains Element" library="SeleniumLibrary">
<arg>${iframe_career_obj}</arg>
<doc>Waits until the element ``locator`` appears on the current page.</doc>
<status status="PASS" starttime="20240229 19:56:08.138" endtime="20240229 19:56:08.142"/>
</kw>
<kw name="Select Frame" library="SeleniumLibrary">
<arg>${iframe_career_obj}</arg>
<doc>Sets frame identified by ``locator`` as the current frame.</doc>
<msg timestamp="20240229 19:56:08.142" level="INFO">Selecting frame 'css:iframe.cke_reset'.</msg>
<status status="PASS" starttime="20240229 19:56:08.142" endtime="20240229 19:56:08.150"/>
</kw>
<kw name="Execute Javascript" library="SeleniumLibrary">
<arg>document.body.innerHTML = '${career_goal}'</arg>
<doc>Executes the given JavaScript code with possible arguments.</doc>
<msg timestamp="20240229 19:56:08.150" level="INFO">Executing JavaScript:
document.body.innerHTML = 'careers'
Without any arguments.</msg>
<status status="PASS" starttime="20240229 19:56:08.150" endtime="20240229 19:56:08.158"/>
</kw>
<kw name="Unselect Frame" library="SeleniumLibrary">
<doc>Sets the main frame as the current frame.</doc>
<status status="PASS" starttime="20240229 19:56:08.158" endtime="20240229 19:56:08.162"/>
</kw>
<kw name="Wait Until Page Contains Element" library="SeleniumLibrary">
<arg>${btn_next_screen}</arg>
<doc>Waits until the element ``locator`` appears on the current page.</doc>
<status status="PASS" starttime="20240229 19:56:08.162" endtime="20240229 19:56:08.166"/>
</kw>
<kw name="Click Element" library="SeleniumLibrary">
<arg>${btn_next_screen}</arg>
<doc>Click the element identified by ``locator``.</doc>
<msg timestamp="20240229 19:56:08.166" level="INFO">Clicking element 'css:button#navButtonNext'.</msg>
<status status="PASS" starttime="20240229 19:56:08.166" endtime="20240229 19:56:08.395"/>
</kw>
<kw name="Sleep" library="BuiltIn">
<arg>3</arg>
<doc>Pauses the test executed for the given time.</doc>
<msg timestamp="20240229 19:56:11.396" level="INFO">Slept 3 seconds</msg>
<status status="PASS" starttime="20240229 19:56:08.395" endtime="20240229 19:56:11.396"/>
</kw>
<kw name="Wait Until Element Is Not Visible" library="SeleniumLibrary">
<arg>${btn_next_screen}</arg>
<doc>Waits until the element ``locator`` is not visible.</doc>
<status status="PASS" starttime="20240229 19:56:11.396" endtime="20240229 19:56:11.645"/>
</kw>
<status status="PASS" starttime="20240229 19:55:56.267" endtime="20240229 19:56:11.645"/>
</kw>
<kw name="Then Input Values Are Correct in Summary">
<kw name="Sleep" library="BuiltIn">
<arg>3</arg>
<doc>Pauses the test executed for the given time.</doc>
<msg timestamp="20240229 19:56:14.650" level="INFO">Slept 3 seconds</msg>
<status status="PASS" starttime="20240229 19:56:11.645" endtime="20240229 19:56:14.650"/>
</kw>
<kw name="Wait Until Page Contains Element" library="SeleniumLibrary">
<arg>${summary_first_name}</arg>
<doc>Waits until the element ``locator`` appears on the current page.</doc>
<status status="PASS" starttime="20240229 19:56:14.650" endtime="20240229 19:56:14.652"/>
</kw>
<kw name="Get Text" library="SeleniumLibrary">
<var>${actual_firstname}</var>
<arg>${summary_first_name}</arg>
<doc>Returns the text value of the element identified by ``locator``.</doc>
<msg timestamp="20240229 19:56:14.662" level="INFO">${actual_firstname} = new</msg>
<status status="PASS" starttime="20240229 19:56:14.652" endtime="20240229 19:56:14.662"/>
</kw>
<kw name="Should Be Equal As Strings" library="BuiltIn">
<arg>${actual_firstname}</arg>
<arg>${first_name}</arg>
<doc>Fails if objects are unequal after converting them to strings.</doc>
<status status="PASS" starttime="20240229 19:56:14.662" endtime="20240229 19:56:14.662"/>
</kw>
<kw name="Wait Until Page Contains Element" library="SeleniumLibrary">
<arg>${summary_house_num}</arg>
<doc>Waits until the element ``locator`` appears on the current page.</doc>
<status status="PASS" starttime="20240229 19:56:14.662" endtime="20240229 19:56:14.662"/>
</kw>
<kw name="Get Text" library="SeleniumLibrary">
<var>${actual_summary_house_num}</var>
<arg>${summary_house_num}</arg>
<doc>Returns the text value of the element identified by ``locator``.</doc>
<msg timestamp="20240229 19:56:14.674" level="INFO">${actual_summary_house_num} = address123</msg>
<status status="PASS" starttime="20240229 19:56:14.662" endtime="20240229 19:56:14.674"/>
</kw>
<kw name="Should Be Equal As Strings" library="BuiltIn">
<arg>${actual_summary_house_num}</arg>
<arg>${address}</arg>
<doc>Fails if objects are unequal after converting them to strings.</doc>
<status status="PASS" starttime="20240229 19:56:14.674" endtime="20240229 19:56:14.674"/>
</kw>
<kw name="Wait Until Page Contains Element" library="SeleniumLibrary">
<arg>${summary_postal}</arg>
<doc>Waits until the element ``locator`` appears on the current page.</doc>
<status status="PASS" starttime="20240229 19:56:14.674" endtime="20240229 19:56:14.674"/>
</kw>
<kw name="Get Text" library="SeleniumLibrary">
<var>${actual_summary_postal}</var>
<arg>${summary_postal}</arg>
<doc>Returns the text value of the element identified by ``locator``.</doc>
<msg timestamp="20240229 19:56:14.686" level="INFO">${actual_summary_postal} = 1000</msg>
<status status="PASS" starttime="20240229 19:56:14.674" endtime="20240229 19:56:14.686"/>
</kw>
<kw name="Should Be Equal As Strings" library="BuiltIn">
<arg>${actual_summary_postal}</arg>
<arg>${postal_code}</arg>
<doc>Fails if objects are unequal after converting them to strings.</doc>
<status status="PASS" starttime="20240229 19:56:14.686" endtime="20240229 19:56:14.686"/>
</kw>
<kw name="Wait Until Page Contains Element" library="SeleniumLibrary">
<arg>${summary_country}</arg>
<doc>Waits until the element ``locator`` appears on the current page.</doc>
<status status="PASS" starttime="20240229 19:56:14.686" endtime="20240229 19:56:14.686"/>
</kw>
<kw name="Get Text" library="SeleniumLibrary">
<var>${actual_summary_country}</var>
<arg>${summary_country}</arg>
<doc>Returns the text value of the element identified by ``locator``.</doc>
<msg timestamp="20240229 19:56:14.694" level="INFO">${actual_summary_country} = Afghanistan</msg>
<status status="PASS" starttime="20240229 19:56:14.686" endtime="20240229 19:56:14.694"/>
</kw>
<kw name="Should Be Equal As Strings" library="BuiltIn">
<arg>${actual_summary_country}</arg>
<arg>Afghanistan</arg>
<doc>Fails if objects are unequal after converting them to strings.</doc>
<status status="PASS" starttime="20240229 19:56:14.698" endtime="20240229 19:56:14.698"/>
</kw>
<kw name="Wait Until Page Contains Element" library="SeleniumLibrary">
<arg>${summary_photo}</arg>
<doc>Waits until the element ``locator`` appears on the current page.</doc>
<status status="PASS" starttime="20240229 19:56:14.698" endtime="20240229 19:56:14.701"/>
</kw>
<kw name="Get Text" library="SeleniumLibrary">
<var>${actual_summary_country}</var>
<arg>${summary_photo}</arg>
<doc>Returns the text value of the element identified by ``locator``.</doc>
<msg timestamp="20240229 19:56:14.706" level="INFO">${actual_summary_country} = test.png</msg>
<status status="PASS" starttime="20240229 19:56:14.701" endtime="20240229 19:56:14.706"/>
</kw>
<kw name="Should Be Equal As Strings" library="BuiltIn">
<arg>${actual_summary_country}</arg>
<arg>test.png</arg>
<doc>Fails if objects are unequal after converting them to strings.</doc>
<status status="PASS" starttime="20240229 19:56:14.706" endtime="20240229 19:56:14.706"/>
</kw>
<kw name="Wait Until Page Contains Element" library="SeleniumLibrary">
<arg>${summary_gender}</arg>
<doc>Waits until the element ``locator`` appears on the current page.</doc>
<status status="PASS" starttime="20240229 19:56:14.710" endtime="20240229 19:56:14.710"/>
</kw>
<kw name="Get Text" library="SeleniumLibrary">
<var>${actual_summary_gender}</var>
<arg>${summary_gender}</arg>
<doc>Returns the text value of the element identified by ``locator``.</doc>
<msg timestamp="20240229 19:56:14.721" level="INFO">${actual_summary_gender} = Female</msg>
<status status="PASS" starttime="20240229 19:56:14.710" endtime="20240229 19:56:14.721"/>
</kw>
<kw name="Should Be Equal As Strings" library="BuiltIn">
<arg>${actual_summary_gender}</arg>
<arg>${gender}</arg>
<doc>Fails if objects are unequal after converting them to strings.</doc>
<status status="PASS" starttime="20240229 19:56:14.721" endtime="20240229 19:56:14.721"/>
</kw>
<kw name="Wait Until Page Contains Element" library="SeleniumLibrary">
<arg>${summary_role}</arg>
<doc>Waits until the element ``locator`` appears on the current page.</doc>
<status status="PASS" starttime="20240229 19:56:14.721" endtime="20240229 19:56:14.723"/>
</kw>
<kw name="Get Text" library="SeleniumLibrary">
<var>${actual_summary_role}</var>
<arg>${summary_role}</arg>
<doc>Returns the text value of the element identified by ``locator``.</doc>
<msg timestamp="20240229 19:56:14.731" level="INFO">${actual_summary_role} = Manual tester</msg>
<status status="PASS" starttime="20240229 19:56:14.723" endtime="20240229 19:56:14.733"/>
</kw>
<if>
<branch type="IF" condition="'${role}' == 'Manual Automation tester'">
<kw name="Set Variable" library="BuiltIn">
<var>${role}</var>
<arg>Manual + Automation tester</arg>
<doc>Returns the given values which can then be assigned to a variables.</doc>
<status status="NOT RUN" starttime="20240229 19:56:14.733" endtime="20240229 19:56:14.733"/>
</kw>
<status status="NOT RUN" starttime="20240229 19:56:14.733" endtime="20240229 19:56:14.733"/>
</branch>
<status status="PASS" starttime="20240229 19:56:14.733" endtime="20240229 19:56:14.733"/>
</if>
<kw name="Should Be Equal As Strings" library="BuiltIn">
<arg>${actual_summary_role}</arg>
<arg>${role}</arg>
<doc>Fails if objects are unequal after converting them to strings.</doc>
<status status="PASS" starttime="20240229 19:56:14.733" endtime="20240229 19:56:14.733"/>
</kw>
<kw name="Wait Until Page Contains Element" library="SeleniumLibrary">
<arg>${summary_tools}</arg>
<doc>Waits until the element ``locator`` appears on the current page.</doc>
<status status="PASS" starttime="20240229 19:56:14.733" endtime="20240229 19:56:14.735"/>
</kw>
<kw name="Get Text" library="SeleniumLibrary">
<var>${actual_summary_tools}</var>
<arg>${summary_tools}</arg>
<doc>Returns the text value of the element identified by ``locator``.</doc>
<msg timestamp="20240229 19:56:14.743" level="INFO">${actual_summary_tools} = Spreadsheet</msg>
<status status="PASS" starttime="20240229 19:56:14.735" endtime="20240229 19:56:14.743"/>
</kw>
<kw name="Should Be Equal As Strings" library="BuiltIn">
<arg>${actual_summary_tools}</arg>
<arg>${tools}</arg>
<doc>Fails if objects are unequal after converting them to strings.</doc>
<status status="PASS" starttime="20240229 19:56:14.743" endtime="20240229 19:56:14.743"/>
</kw>
<kw name="Wait Until Page Contains Element" library="SeleniumLibrary">
<arg>${summary_career_obj}</arg>
<doc>Waits until the element ``locator`` appears on the current page.</doc>
<status status="PASS" starttime="20240229 19:56:14.743" endtime="20240229 19:56:14.747"/>
</kw>
<kw name="Get Text" library="SeleniumLibrary">
<var>${actual_summary_career_obj}</var>
<arg>${summary_career_obj}</arg>
<doc>Returns the text value of the element identified by ``locator``.</doc>
<msg timestamp="20240229 19:56:14.755" level="INFO">${actual_summary_career_obj} = careers</msg>
<status status="PASS" starttime="20240229 19:56:14.747" endtime="20240229 19:56:14.755"/>
</kw>
<kw name="Should Be Equal As Strings" library="BuiltIn">
<arg>${actual_summary_career_obj}</arg>
<arg>${career_goal}</arg>
<doc>Fails if objects are unequal after converting them to strings.</doc>
<status status="PASS" starttime="20240229 19:56:14.755" endtime="20240229 19:56:14.755"/>
</kw>
<kw name="Click Element" library="SeleniumLibrary">
<arg>${btn_validate_and_send}</arg>
<doc>Click the element identified by ``locator``.</doc>
<msg timestamp="20240229 19:56:14.755" level="INFO">Clicking element 'css:div.d-none button#submitButton'.</msg>
<status status="PASS" starttime="20240229 19:56:14.755" endtime="20240229 19:56:14.972"/>
</kw>
<status status="PASS" starttime="20240229 19:56:11.645" endtime="20240229 19:56:14.972"/>
</kw>
<kw name="And Thank You Message Was Displayed">
<kw name="Wait Until Page Contains Element" library="SeleniumLibrary">
<arg>${txt_thank_you_msg}</arg>
<doc>Waits until the element ``locator`` appears on the current page.</doc>
<status status="PASS" starttime="20240229 19:56:14.974" endtime="20240229 19:56:16.601"/>
</kw>
<status status="PASS" starttime="20240229 19:56:14.974" endtime="20240229 19:56:16.601"/>
</kw>
<kw name="Close Browser" library="SeleniumLibrary" type="TEARDOWN">
<doc>Closes the current browser.</doc>
<status status="PASS" starttime="20240229 19:56:16.601" endtime="20240229 19:56:19.353"/>
</kw>
<status status="PASS" starttime="20240229 19:55:33.987" endtime="20240229 19:56:19.353"/>
</test>
<test id="s1-t3" name="FUNC03_Verify Successful Submitted Application Combination 3" line="29">
<kw name="Given Optimy Login Page URL">
<kw name="Open Browser" library="SeleniumLibrary">
<arg>${optimy_homepage}</arg>
<doc>Opens a new browser instance to the optional ``url``.</doc>
<msg timestamp="20240229 19:56:19.353" level="INFO">Opening browser 'firefox' to base url 'https://qrqck8u5t9co.front.staging.optimy.net/en/'.</msg>
<msg timestamp="20240229 19:56:19.353" level="INFO">Applicable driver not found; attempting to install with Selenium Manager (Beta)</msg>
<status status="PASS" starttime="20240229 19:56:19.353" endtime="20240229 19:56:29.115"/>
</kw>
<kw name="Wait Until Page Contains Element" library="SeleniumLibrary">
<arg>${btn_cookie_close}</arg>
<doc>Waits until the element ``locator`` appears on the current page.</doc>
<status status="PASS" starttime="20240229 19:56:29.115" endtime="20240229 19:56:29.131"/>
</kw>
<kw name="Click Element" library="SeleniumLibrary">
<arg>${btn_cookie_close}</arg>
<doc>Click the element identified by ``locator``.</doc>
<msg timestamp="20240229 19:56:29.131" level="INFO">Clicking element 'id:cookie-close'.</msg>
<status status="PASS" starttime="20240229 19:56:29.131" endtime="20240229 19:56:29.366"/>
</kw>
<kw name="Sleep" library="BuiltIn">
<arg>2</arg>
<doc>Pauses the test executed for the given time.</doc>
<msg timestamp="20240229 19:56:31.366" level="INFO">Slept 2 seconds</msg>
<status status="PASS" starttime="20240229 19:56:29.366" endtime="20240229 19:56:31.366"/>
</kw>
<status status="PASS" starttime="20240229 19:56:19.353" endtime="20240229 19:56:31.366"/>
</kw>
<kw name="When User Logins">
<kw name="Wait Until Page Contains Element" library="SeleniumLibrary">
<arg>${btn_login}</arg>
<doc>Waits until the element ``locator`` appears on the current page.</doc>
<status status="PASS" starttime="20240229 19:56:31.366" endtime="20240229 19:56:31.366"/>
</kw>
<kw name="Click Element" library="SeleniumLibrary">
<arg>${btn_login}</arg>
<doc>Click the element identified by ``locator``.</doc>
<msg timestamp="20240229 19:56:31.366" level="INFO">Clicking element 'css:div.mt-2 a'.</msg>
<status status="PASS" starttime="20240229 19:56:31.366" endtime="20240229 19:56:33.234"/>
</kw>
<kw name="Wait Until Page Contains Element" library="SeleniumLibrary">
<arg>${txt_email}</arg>
<doc>Waits until the element ``locator`` appears on the current page.</doc>
<status status="PASS" starttime="20240229 19:56:33.234" endtime="20240229 19:56:33.238"/>
</kw>
<kw name="Input Text" library="SeleniumLibrary">
<arg>${txt_email}</arg>
<arg>${username}</arg>
<doc>Types the given ``text`` into the text field identified by ``locator``.</doc>
<msg timestamp="20240229 19:56:33.238" level="INFO">Typing text 'optimyautomationtester@gmail.com' into text field 'id:login-email'.</msg>
<status status="PASS" starttime="20240229 19:56:33.238" endtime="20240229 19:56:33.290"/>
</kw>
<kw name="Input Password" library="SeleniumLibrary">
<arg>${txt_password}</arg>
<arg>${password}</arg>
<doc>Types the given password into the text field identified by ``locator``.</doc>
<msg timestamp="20240229 19:56:33.290" level="INFO">Typing password into text field 'id:login-password'.</msg>
<msg timestamp="20240229 19:56:33.294" level="INFO">Temporally setting log level to: NONE</msg>
<msg timestamp="20240229 19:56:33.306" level="INFO">Log level changed from NONE to INFO.</msg>
<status status="PASS" starttime="20240229 19:56:33.290" endtime="20240229 19:56:33.306"/>
</kw>
<kw name="Click Element" library="SeleniumLibrary">
<arg>${btn_submit}</arg>
<doc>Click the element identified by ``locator``.</doc>
<msg timestamp="20240229 19:56:33.306" level="INFO">Clicking element 'css:button.mt-md-2'.</msg>
<status status="PASS" starttime="20240229 19:56:33.306" endtime="20240229 19:56:34.686"/>
</kw>
<status status="PASS" starttime="20240229 19:56:31.366" endtime="20240229 19:56:34.686"/>
</kw>
<kw name="And Submit A New Application">
<arg>new</arg>
<arg>one</arg>
<arg>address123</arg>
<arg>1000</arg>
<arg>careers</arg>
<arg>Prefer not to answer</arg>
<arg>Automation tester</arg>
<arg>Java</arg>
<arg>AF</arg>
<kw name="Set Test Variable" library="BuiltIn">
<arg>${first_name}</arg>
<doc>Makes a variable available everywhere within the scope of the current test.</doc>
<msg timestamp="20240229 19:56:34.690" level="INFO">${first_name} = new</msg>
<status status="PASS" starttime="20240229 19:56:34.690" endtime="20240229 19:56:34.690"/>
</kw>
<kw name="Set Test Variable" library="BuiltIn">
<arg>${last_name}</arg>
<doc>Makes a variable available everywhere within the scope of the current test.</doc>
<msg timestamp="20240229 19:56:34.690" level="INFO">${last_name} = one</msg>
<status status="PASS" starttime="20240229 19:56:34.690" endtime="20240229 19:56:34.690"/>
</kw>
<kw name="Set Test Variable" library="BuiltIn">
<arg>${address}</arg>
<doc>Makes a variable available everywhere within the scope of the current test.</doc>
<msg timestamp="20240229 19:56:34.690" level="INFO">${address} = address123</msg>
<status status="PASS" starttime="20240229 19:56:34.690" endtime="20240229 19:56:34.690"/>
</kw>
<kw name="Set Test Variable" library="BuiltIn">
<arg>${postal_code}</arg>
<doc>Makes a variable available everywhere within the scope of the current test.</doc>
<msg timestamp="20240229 19:56:34.690" level="INFO">${postal_code} = 1000</msg>
<status status="PASS" starttime="20240229 19:56:34.690" endtime="20240229 19:56:34.690"/>
</kw>
<kw name="Set Test Variable" library="BuiltIn">
<arg>${career_goal}</arg>
<doc>Makes a variable available everywhere within the scope of the current test.</doc>
<msg timestamp="20240229 19:56:34.690" level="INFO">${career_goal} = careers</msg>
<status status="PASS" starttime="20240229 19:56:34.690" endtime="20240229 19:56:34.690"/>
</kw>
<kw name="Set Test Variable" library="BuiltIn">
<arg>${gender}</arg>
<doc>Makes a variable available everywhere within the scope of the current test.</doc>
<msg timestamp="20240229 19:56:34.690" level="INFO">${gender} = Prefer not to answer</msg>
<status status="PASS" starttime="20240229 19:56:34.690" endtime="20240229 19:56:34.690"/>
</kw>
<kw name="Set Test Variable" library="BuiltIn">
<arg>${tools}</arg>
<doc>Makes a variable available everywhere within the scope of the current test.</doc>
<msg timestamp="20240229 19:56:34.690" level="INFO">${tools} = Java</msg>
<status status="PASS" starttime="20240229 19:56:34.690" endtime="20240229 19:56:34.690"/>
</kw>
<kw name="Set Test Variable" library="BuiltIn">
<arg>${country_code}</arg>
<doc>Makes a variable available everywhere within the scope of the current test.</doc>
<msg timestamp="20240229 19:56:34.690" level="INFO">${country_code} = AF</msg>
<status status="PASS" starttime="20240229 19:56:34.690" endtime="20240229 19:56:34.690"/>
</kw>
<kw name="Set Test Variable" library="BuiltIn">
<arg>${role}</arg>
<doc>Makes a variable available everywhere within the scope of the current test.</doc>
<msg timestamp="20240229 19:56:34.690" level="INFO">${role} = Automation tester</msg>
<status status="PASS" starttime="20240229 19:56:34.690" endtime="20240229 19:56:34.690"/>
</kw>
<if>
<branch type="IF" condition="'${role}' == 'Manual tester'">
<kw name="Set Variable" library="BuiltIn">
<var>${i}</var>
<arg>2</arg>
<doc>Returns the given values which can then be assigned to a variables.</doc>
<status status="NOT RUN" starttime="20240229 19:56:34.690" endtime="20240229 19:56:34.690"/>
</kw>
<status status="NOT RUN" starttime="20240229 19:56:34.690" endtime="20240229 19:56:34.690"/>
</branch>
<status status="PASS" starttime="20240229 19:56:34.690" endtime="20240229 19:56:34.690"/>
</if>
<if>
<branch type="IF" condition="'${role}' == 'Automation tester'">
<kw name="Set Variable" library="BuiltIn">
<var>${i}</var>
<arg>5</arg>
<doc>Returns the given values which can then be assigned to a variables.</doc>
<msg timestamp="20240229 19:56:34.690" level="INFO">${i} = 5</msg>
<status status="PASS" starttime="20240229 19:56:34.690" endtime="20240229 19:56:34.690"/>
</kw>
<status status="PASS" starttime="20240229 19:56:34.690" endtime="20240229 19:56:34.690"/>
</branch>
<status status="PASS" starttime="20240229 19:56:34.690" endtime="20240229 19:56:34.690"/>
</if>
<if>
<branch type="IF" condition="'${role}' == 'Manual Automation tester'">
<kw name="Set Variable" library="BuiltIn">
<var>${i}</var>
<arg>8</arg>
<doc>Returns the given values which can then be assigned to a variables.</doc>
<status status="NOT RUN" starttime="20240229 19:56:34.690" endtime="20240229 19:56:34.690"/>
</kw>
<status status="NOT RUN" starttime="20240229 19:56:34.690" endtime="20240229 19:56:34.690"/>
</branch>
<status status="PASS" starttime="20240229 19:56:34.690" endtime="20240229 19:56:34.690"/>
</if>
<kw name="Wait Until Page Contains Element" library="SeleniumLibrary">
<arg>${btn_submit_new_application}</arg>
<doc>Waits until the element ``locator`` appears on the current page.</doc>
<status status="PASS" starttime="20240229 19:56:34.690" endtime="20240229 19:56:34.698"/>
</kw>
<kw name="Click Element" library="SeleniumLibrary">
<arg>${btn_submit_new_application}</arg>
<doc>Click the element identified by ``locator``.</doc>
<msg timestamp="20240229 19:56:34.698" level="INFO">Clicking element 'css:a.btn-primary'.</msg>
<status status="PASS" starttime="20240229 19:56:34.698" endtime="20240229 19:56:37.576"/>
</kw>
<kw name="Get Element Count" library="SeleniumLibrary">
<var>${c}</var>
<arg>${lbl_continue_application}</arg>
<doc>Returns the number of elements matching ``locator``.</doc>
<msg timestamp="20240229 19:56:37.601" level="INFO">${c} = 1</msg>
<status status="PASS" starttime="20240229 19:56:37.576" endtime="20240229 19:56:37.601"/>
</kw>
<kw name="Run Keyword If" library="BuiltIn">
<arg>${c}&gt;0</arg>
<arg>Continue Submit New Application</arg>
<doc>Runs the given keyword with the given arguments, if ``condition`` is true.</doc>
<kw name="Continue Submit New Application">
<kw name="Wait Until Page Contains Element" library="SeleniumLibrary">
<arg>${btn_continue_submit_new_application}</arg>
<doc>Waits until the element ``locator`` appears on the current page.</doc>
<status status="PASS" starttime="20240229 19:56:37.601" endtime="20240229 19:56:37.601"/>
</kw>
<kw name="Click Element" library="SeleniumLibrary">
<arg>${btn_continue_submit_new_application}</arg>
<doc>Click the element identified by ``locator``.</doc>
<msg timestamp="20240229 19:56:37.605" level="INFO">Clicking element 'css:a.btn-outline-primary'.</msg>
<status status="PASS" starttime="20240229 19:56:37.605" endtime="20240229 19:56:40.126"/>
</kw>
<status status="PASS" starttime="20240229 19:56:37.601" endtime="20240229 19:56:40.126"/>
</kw>
<status status="PASS" starttime="20240229 19:56:37.601" endtime="20240229 19:56:40.126"/>
</kw>
<kw name="Input Text" library="SeleniumLibrary">
<arg>${txt_first_name}</arg>
<arg>${first_name}</arg>
<doc>Types the given ``text`` into the text field identified by ``locator``.</doc>
<msg timestamp="20240229 19:56:40.126" level="INFO">Typing text 'new' into text field 'id:06c8a27e-7d11-57b2-9286-af8fc8ba5b27'.</msg>
<status status="PASS" starttime="20240229 19:56:40.126" endtime="20240229 19:56:40.235"/>
</kw>
<kw name="Input Text" library="SeleniumLibrary">
<arg>${txt_last_name}</arg>
<arg>${last_name}</arg>
<doc>Types the given ``text`` into the text field identified by ``locator``.</doc>
<msg timestamp="20240229 19:56:40.235" level="INFO">Typing text 'one' into text field 'id:9d848df4-cdd0-50aa-820f-fdedcbda7e11'.</msg>
<status status="PASS" starttime="20240229 19:56:40.235" endtime="20240229 19:56:40.263"/>
</kw>
<kw name="Input Text" library="SeleniumLibrary">
<arg>${txt_unit_num_street}</arg>
<arg>${address}</arg>
<doc>Types the given ``text`` into the text field identified by ``locator``.</doc>
<msg timestamp="20240229 19:56:40.267" level="INFO">Typing text 'address123' into text field 'id:852ff964-97c2-5ea0-9674-49b3f95d2e86::17540589-1aa5-5bf7-93fa-d49acf58b711'.</msg>
<status status="PASS" starttime="20240229 19:56:40.263" endtime="20240229 19:56:40.303"/>
</kw>
<kw name="Input Text" library="SeleniumLibrary">
<arg>${txt_postal_code}</arg>
<arg>${postal_code}</arg>
<doc>Types the given ``text`` into the text field identified by ``locator``.</doc>
<msg timestamp="20240229 19:56:40.303" level="INFO">Typing text '1000' into text field 'name:48b06bb5-8a4f-504e-93a7-2c5e888da553::5911b832-9522-524a-9f3c-8014c2ddba1c'.</msg>
<status status="PASS" starttime="20240229 19:56:40.303" endtime="20240229 19:56:40.422"/>
</kw>
<kw name="Sleep" library="BuiltIn">
<arg>2</arg>
<doc>Pauses the test executed for the given time.</doc>
<msg timestamp="20240229 19:56:42.422" level="INFO">Slept 2 seconds</msg>
<status status="PASS" starttime="20240229 19:56:40.422" endtime="20240229 19:56:42.422"/>
</kw>
<kw name="Wait Until Page Contains Element" library="SeleniumLibrary">
<arg>${drpdwn_postal_code}</arg>
<doc>Waits until the element ``locator`` appears on the current page.</doc>
<status status="PASS" starttime="20240229 19:56:42.422" endtime="20240229 19:56:42.424"/>
</kw>
<kw name="Click Element" library="SeleniumLibrary">
<arg>${drpdwn_postal_code}</arg>
<doc>Click the element identified by ``locator``.</doc>
<msg timestamp="20240229 19:56:42.424" level="INFO">Clicking element 'css:ul.ui-menu &gt; li.ui-menu-item:nth-child(1)'.</msg>
<status status="PASS" starttime="20240229 19:56:42.424" endtime="20240229 19:56:42.636"/>
</kw>
<kw name="Click Element" library="SeleniumLibrary">
<arg>${drpdwn_country}</arg>
<doc>Click the element identified by ``locator``.</doc>
<msg timestamp="20240229 19:56:42.637" level="INFO">Clicking element 'id:bf6f7c7f-1da5-55d7-99ac-2866e4a139fd'.</msg>
<status status="PASS" starttime="20240229 19:56:42.637" endtime="20240229 19:56:42.996"/>
</kw>
<kw name="Wait Until Page Contains Element" library="SeleniumLibrary">
<arg>css:option[value="${country_code}"]</arg>
<doc>Waits until the element ``locator`` appears on the current page.</doc>
<status status="PASS" starttime="20240229 19:56:42.997" endtime="20240229 19:56:43.001"/>
</kw>
<kw name="Click Element" library="SeleniumLibrary">
<arg>css:option[value="${country_code}"]</arg>
<doc>Click the element identified by ``locator``.</doc>
<msg timestamp="20240229 19:56:43.001" level="INFO">Clicking element 'css:option[value="AF"]'.</msg>
<status status="PASS" starttime="20240229 19:56:43.001" endtime="20240229 19:56:43.212"/>
</kw>
<kw name="Choose File" library="SeleniumLibrary">
<arg>${btn_browse_files}</arg>
<arg>C:\\Users\\GuessUser\\PycharmProjects\\Optimy_iScale\\TestCases${/}${file_to_upload}</arg>
<doc>Inputs the ``file_path`` into the file input field ``locator``.</doc>
<msg timestamp="20240229 19:56:43.213" level="INFO">Sending C:\Users\GuessUser\PycharmProjects\Optimy_iScale\TestCases\test.png to browser.</msg>
<status status="PASS" starttime="20240229 19:56:43.212" endtime="20240229 19:56:43.225"/>
</kw>
<kw name="Wait Until Page Contains Element" library="SeleniumLibrary">
<arg>css:ul#field_64d3c1af-c688-597d-9803-77e4287f2fbb li label[aria-label="${gender}"] div.custom-control-label</arg>
<doc>Waits until the element ``locator`` appears on the current page.</doc>
<status status="PASS" starttime="20240229 19:56:43.225" endtime="20240229 19:56:43.229"/>
</kw>
<kw name="Click Element" library="SeleniumLibrary">
<arg>css:ul#field_64d3c1af-c688-597d-9803-77e4287f2fbb li label[aria-label="${gender}"] div.custom-control-label</arg>
<doc>Click the element identified by ``locator``.</doc>
<msg timestamp="20240229 19:56:43.230" level="INFO">Clicking element 'css:ul#field_64d3c1af-c688-597d-9803-77e4287f2fbb li label[aria-label="Prefer not to answer"] div.custom-control-label'.</msg>
<status status="PASS" starttime="20240229 19:56:43.229" endtime="20240229 19:56:43.445"/>
</kw>
<kw name="Wait Until Page Contains Element" library="SeleniumLibrary">
<arg>css:select#field_cba99291-980c-5cb1-91c2-1db8d294587b option:nth-child(${i})</arg>
<doc>Waits until the element ``locator`` appears on the current page.</doc>
<status status="PASS" starttime="20240229 19:56:43.446" endtime="20240229 19:56:43.452"/>
</kw>
<kw name="Click Element" library="SeleniumLibrary">
<arg>css:select#field_cba99291-980c-5cb1-91c2-1db8d294587b option:nth-child(${i})</arg>
<doc>Click the element identified by ``locator``.</doc>
<msg timestamp="20240229 19:56:43.453" level="INFO">Clicking element 'css:select#field_cba99291-980c-5cb1-91c2-1db8d294587b option:nth-child(5)'.</msg>
<status status="PASS" starttime="20240229 19:56:43.452" endtime="20240229 19:56:43.710"/>
</kw>
<kw name="Click Element" library="SeleniumLibrary">
<arg>css:label[aria-label="${tools}"]</arg>
<doc>Click the element identified by ``locator``.</doc>
<msg timestamp="20240229 19:56:43.710" level="INFO">Clicking element 'css:label[aria-label="Java"]'.</msg>
<status status="PASS" starttime="20240229 19:56:43.710" endtime="20240229 19:56:43.941"/>
</kw>
<kw name="Wait Until Page Contains Element" library="SeleniumLibrary">
<arg>${iframe_career_obj}</arg>
<doc>Waits until the element ``locator`` appears on the current page.</doc>
<status status="PASS" starttime="20240229 19:56:43.941" endtime="20240229 19:56:43.941"/>
</kw>
<kw name="Select Frame" library="SeleniumLibrary">
<arg>${iframe_career_obj}</arg>
<doc>Sets frame identified by ``locator`` as the current frame.</doc>
<msg timestamp="20240229 19:56:43.941" level="INFO">Selecting frame 'css:iframe.cke_reset'.</msg>
<status status="PASS" starttime="20240229 19:56:43.941" endtime="20240229 19:56:43.941"/>
</kw>
<kw name="Execute Javascript" library="SeleniumLibrary">
<arg>document.body.innerHTML = '${career_goal}'</arg>
<doc>Executes the given JavaScript code with possible arguments.</doc>
<msg timestamp="20240229 19:56:43.941" level="INFO">Executing JavaScript:
document.body.innerHTML = 'careers'
Without any arguments.</msg>
<status status="PASS" starttime="20240229 19:56:43.941" endtime="20240229 19:56:43.956"/>
</kw>
<kw name="Unselect Frame" library="SeleniumLibrary">
<doc>Sets the main frame as the current frame.</doc>
<status status="PASS" starttime="20240229 19:56:43.956" endtime="20240229 19:56:43.956"/>
</kw>
<kw name="Wait Until Page Contains Element" library="SeleniumLibrary">
<arg>${btn_next_screen}</arg>
<doc>Waits until the element ``locator`` appears on the current page.</doc>
<status status="PASS" starttime="20240229 19:56:43.956" endtime="20240229 19:56:43.956"/>
</kw>
<kw name="Click Element" library="SeleniumLibrary">
<arg>${btn_next_screen}</arg>
<doc>Click the element identified by ``locator``.</doc>
<msg timestamp="20240229 19:56:43.956" level="INFO">Clicking element 'css:button#navButtonNext'.</msg>
<status status="PASS" starttime="20240229 19:56:43.956" endtime="20240229 19:56:44.192"/>
</kw>
<kw name="Sleep" library="BuiltIn">
<arg>3</arg>
<doc>Pauses the test executed for the given time.</doc>
<msg timestamp="20240229 19:56:47.192" level="INFO">Slept 3 seconds</msg>
<status status="PASS" starttime="20240229 19:56:44.192" endtime="20240229 19:56:47.192"/>
</kw>
<kw name="Wait Until Element Is Not Visible" library="SeleniumLibrary">
<arg>${btn_next_screen}</arg>
<doc>Waits until the element ``locator`` is not visible.</doc>
<status status="PASS" starttime="20240229 19:56:47.192" endtime="20240229 19:56:47.192"/>
</kw>
<status status="PASS" starttime="20240229 19:56:34.690" endtime="20240229 19:56:47.192"/>
</kw>
<kw name="Then Input Values Are Correct in Summary">
<kw name="Sleep" library="BuiltIn">
<arg>3</arg>
<doc>Pauses the test executed for the given time.</doc>
<msg timestamp="20240229 19:56:50.192" level="INFO">Slept 3 seconds</msg>
[...]
</kw>
<kw name="Click Element" library="SeleniumLibrary">
<arg>${btn_continue_submit_new_application}</arg>
<doc>Click the element identified by ``locator``.</doc>
<msg timestamp="20240229 20:07:14.994" level="INFO">Clicking element 'css:a.btn-outline-primary'.</msg>
<status status="PASS" starttime="20240229 20:07:14.994" endtime="20240229 20:07:17.633"/>
</kw>
<status status="PASS" starttime="20240229 20:07:14.989" endtime="20240229 20:07:17.633"/>
</kw>
<status status="PASS" starttime="20240229 20:07:14.989" endtime="20240229 20:07:17.633"/>
</kw>
<kw name="Input Text" library="SeleniumLibrary">
<arg>${txt_first_name}</arg>
<arg>${first_name}</arg>
<doc>Types the given ``text`` into the text field identified by ``locator``.</doc>
<msg timestamp="20240229 20:07:17.633" level="INFO">Typing text 'new' into text field 'id:06c8a27e-7d11-57b2-9286-af8fc8ba5b27'.</msg>
<status status="PASS" starttime="20240229 20:07:17.633" endtime="20240229 20:07:17.749"/>
</kw>
<kw name="Input Text" library="SeleniumLibrary">
<arg>${txt_last_name}</arg>
<arg>${last_name}</arg>
<doc>Types the given ``text`` into the text field identified by ``locator``.</doc>
<msg timestamp="20240229 20:07:17.749" level="INFO">Typing text 'one' into text field 'id:9d848df4-cdd0-50aa-820f-fdedcbda7e11'.</msg>
<status status="PASS" starttime="20240229 20:07:17.749" endtime="20240229 20:07:17.777"/>
</kw>
<kw name="Input Text" library="SeleniumLibrary">
<arg>${txt_unit_num_street}</arg>
<arg>${address}</arg>
<doc>Types the given ``text`` into the text field identified by ``locator``.</doc>
<msg timestamp="20240229 20:07:17.777" level="INFO">Typing text 'address123' into text field 'id:852ff964-97c2-5ea0-9674-49b3f95d2e86::17540589-1aa5-5bf7-93fa-d49acf58b711'.</msg>
<status status="PASS" starttime="20240229 20:07:17.777" endtime="20240229 20:07:17.809"/>
</kw>
<kw name="Input Text" library="SeleniumLibrary">
<arg>${txt_postal_code}</arg>
<arg>${postal_code}</arg>
<doc>Types the given ``text`` into the text field identified by ``locator``.</doc>
<msg timestamp="20240229 20:07:17.809" level="INFO">Typing text '1000' into text field 'name:48b06bb5-8a4f-504e-93a7-2c5e888da553::5911b832-9522-524a-9f3c-8014c2ddba1c'.</msg>
<status status="PASS" starttime="20240229 20:07:17.809" endtime="20240229 20:07:17.937"/>
</kw>
<kw name="Sleep" library="BuiltIn">
<arg>2</arg>
<doc>Pauses the test executed for the given time.</doc>
<msg timestamp="20240229 20:07:19.937" level="INFO">Slept 2 seconds</msg>
<status status="PASS" starttime="20240229 20:07:17.937" endtime="20240229 20:07:19.937"/>
</kw>
<kw name="Wait Until Page Contains Element" library="SeleniumLibrary">
<arg>${drpdwn_postal_code}</arg>
<doc>Waits until the element ``locator`` appears on the current page.</doc>
<status status="PASS" starttime="20240229 20:07:19.937" endtime="20240229 20:07:19.937"/>
</kw>
<kw name="Click Element" library="SeleniumLibrary">
<arg>${drpdwn_postal_code}</arg>
<doc>Click the element identified by ``locator``.</doc>
<msg timestamp="20240229 20:07:19.937" level="INFO">Clicking element 'css:ul.ui-menu &gt; li.ui-menu-item:nth-child(1)'.</msg>
<status status="PASS" starttime="20240229 20:07:19.937" endtime="20240229 20:07:20.188"/>
</kw>
<kw name="Click Element" library="SeleniumLibrary">
<arg>${drpdwn_country}</arg>
<doc>Click the element identified by ``locator``.</doc>
<msg timestamp="20240229 20:07:20.188" level="INFO">Clicking element 'id:bf6f7c7f-1da5-55d7-99ac-2866e4a139fd'.</msg>
<status status="PASS" starttime="20240229 20:07:20.188" endtime="20240229 20:07:20.549"/>
</kw>
<kw name="Wait Until Page Contains Element" library="SeleniumLibrary">
<arg>css:option[value="${country_code}"]</arg>
<doc>Waits until the element ``locator`` appears on the current page.</doc>
<status status="PASS" starttime="20240229 20:07:20.549" endtime="20240229 20:07:20.549"/>
</kw>
<kw name="Click Element" library="SeleniumLibrary">
<arg>css:option[value="${country_code}"]</arg>
<doc>Click the element identified by ``locator``.</doc>
<msg timestamp="20240229 20:07:20.549" level="INFO">Clicking element 'css:option[value="AF"]'.</msg>
<status status="PASS" starttime="20240229 20:07:20.549" endtime="20240229 20:07:20.769"/>
</kw>
<kw name="Choose File" library="SeleniumLibrary">
<arg>${btn_browse_files}</arg>
<arg>C:\\Users\\GuessUser\\PycharmProjects\\Optimy_iScale\\TestCases${/}${file_to_upload}</arg>
<doc>Inputs the ``file_path`` into the file input field ``locator``.</doc>
<msg timestamp="20240229 20:07:20.769" level="INFO">Sending C:\Users\GuessUser\PycharmProjects\Optimy_iScale\TestCases\test.png to browser.</msg>
<status status="PASS" starttime="20240229 20:07:20.769" endtime="20240229 20:07:20.769"/>
</kw>
<kw name="Wait Until Page Contains Element" library="SeleniumLibrary">
<arg>css:ul#field_64d3c1af-c688-597d-9803-77e4287f2fbb li label[aria-label="${gender}"] div.custom-control-label</arg>
<doc>Waits until the element ``locator`` appears on the current page.</doc>
<status status="PASS" starttime="20240229 20:07:20.769" endtime="20240229 20:07:20.785"/>
</kw>
<kw name="Click Element" library="SeleniumLibrary">
<arg>css:ul#field_64d3c1af-c688-597d-9803-77e4287f2fbb li label[aria-label="${gender}"] div.custom-control-label</arg>
<doc>Click the element identified by ``locator``.</doc>
<msg timestamp="20240229 20:07:20.785" level="INFO">Clicking element 'css:ul#field_64d3c1af-c688-597d-9803-77e4287f2fbb li label[aria-label="Male"] div.custom-control-label'.</msg>
<status status="PASS" starttime="20240229 20:07:20.785" endtime="20240229 20:07:21.005"/>
</kw>
<kw name="Wait Until Page Contains Element" library="SeleniumLibrary">
<arg>css:select#field_cba99291-980c-5cb1-91c2-1db8d294587b option:nth-child(${i})</arg>
<doc>Waits until the element ``locator`` appears on the current page.</doc>
<status status="PASS" starttime="20240229 20:07:21.005" endtime="20240229 20:07:21.005"/>
</kw>
<kw name="Click Element" library="SeleniumLibrary">
<arg>css:select#field_cba99291-980c-5cb1-91c2-1db8d294587b option:nth-child(${i})</arg>
<doc>Click the element identified by ``locator``.</doc>
<msg timestamp="20240229 20:07:21.005" level="INFO">Clicking element 'css:select#field_cba99291-980c-5cb1-91c2-1db8d294587b option:nth-child(2)'.</msg>
<status status="PASS" starttime="20240229 20:07:21.005" endtime="20240229 20:07:21.243"/>
</kw>
<kw name="Click Element" library="SeleniumLibrary">
<arg>css:label[aria-label="${tools}"]</arg>
<doc>Click the element identified by ``locator``.</doc>
<msg timestamp="20240229 20:07:21.243" level="INFO">Clicking element 'css:label[aria-label="Cypress"]'.</msg>
<status status="PASS" starttime="20240229 20:07:21.243" endtime="20240229 20:07:21.463"/>
</kw>
<kw name="Wait Until Page Contains Element" library="SeleniumLibrary">
<arg>${iframe_career_obj}</arg>
<doc>Waits until the element ``locator`` appears on the current page.</doc>
<status status="PASS" starttime="20240229 20:07:21.463" endtime="20240229 20:07:21.463"/>
</kw>
<kw name="Select Frame" library="SeleniumLibrary">
<arg>${iframe_career_obj}</arg>
<doc>Sets frame identified by ``locator`` as the current frame.</doc>
<msg timestamp="20240229 20:07:21.463" level="INFO">Selecting frame 'css:iframe.cke_reset'.</msg>
<status status="PASS" starttime="20240229 20:07:21.463" endtime="20240229 20:07:21.463"/>
</kw>
<kw name="Execute Javascript" library="SeleniumLibrary">
<arg>document.body.innerHTML = '${career_goal}'</arg>
<doc>Executes the given JavaScript code with possible arguments.</doc>
<msg timestamp="20240229 20:07:21.463" level="INFO">Executing JavaScript:
document.body.innerHTML = 'careers'
Without any arguments.</msg>
<status status="PASS" starttime="20240229 20:07:21.463" endtime="20240229 20:07:21.478"/>
</kw>
<kw name="Unselect Frame" library="SeleniumLibrary">
<doc>Sets the main frame as the current frame.</doc>
<status status="PASS" starttime="20240229 20:07:21.478" endtime="20240229 20:07:21.478"/>
</kw>
<kw name="Wait Until Page Contains Element" library="SeleniumLibrary">
<arg>${btn_next_screen}</arg>
<doc>Waits until the element ``locator`` appears on the current page.</doc>
<status status="PASS" starttime="20240229 20:07:21.478" endtime="20240229 20:07:21.478"/>
</kw>
<kw name="Click Element" library="SeleniumLibrary">
<arg>${btn_next_screen}</arg>
<doc>Click the element identified by ``locator``.</doc>
<msg timestamp="20240229 20:07:21.478" level="INFO">Clicking element 'css:button#navButtonNext'.</msg>
<status status="PASS" starttime="20240229 20:07:21.478" endtime="20240229 20:07:21.714"/>
</kw>
<kw name="Sleep" library="BuiltIn">
<arg>3</arg>
<doc>Pauses the test executed for the given time.</doc>
<msg timestamp="20240229 20:07:24.714" level="INFO">Slept 3 seconds</msg>
<status status="PASS" starttime="20240229 20:07:21.714" endtime="20240229 20:07:24.714"/>
</kw>
<kw name="Wait Until Element Is Not Visible" library="SeleniumLibrary">
<arg>${btn_next_screen}</arg>
<doc>Waits until the element ``locator`` is not visible.</doc>
<status status="PASS" starttime="20240229 20:07:24.714" endtime="20240229 20:07:25.604"/>
</kw>
<status status="PASS" starttime="20240229 20:07:11.733" endtime="20240229 20:07:25.604"/>
</kw>
<kw name="Then Input Values Are Correct in Summary">
<kw name="Sleep" library="BuiltIn">
<arg>3</arg>
<doc>Pauses the test executed for the given time.</doc>
<msg timestamp="20240229 20:07:28.604" level="INFO">Slept 3 seconds</msg>
<status status="PASS" starttime="20240229 20:07:25.604" endtime="20240229 20:07:28.604"/>
</kw>
<kw name="Wait Until Page Contains Element" library="SeleniumLibrary">
<arg>${summary_first_name}</arg>
<doc>Waits until the element ``locator`` appears on the current page.</doc>
<status status="PASS" starttime="20240229 20:07:28.604" endtime="20240229 20:07:28.604"/>
</kw>
<kw name="Get Text" library="SeleniumLibrary">
<var>${actual_firstname}</var>
<arg>${summary_first_name}</arg>
<doc>Returns the text value of the element identified by ``locator``.</doc>
<msg timestamp="20240229 20:07:28.616" level="INFO">${actual_firstname} = new</msg>
<status status="PASS" starttime="20240229 20:07:28.604" endtime="20240229 20:07:28.616"/>
</kw>
<kw name="Should Be Equal As Strings" library="BuiltIn">
<arg>${actual_firstname}</arg>
<arg>${first_name}</arg>
<doc>Fails if objects are unequal after converting them to strings.</doc>
<status status="PASS" starttime="20240229 20:07:28.616" endtime="20240229 20:07:28.616"/>
</kw>
<kw name="Wait Until Page Contains Element" library="SeleniumLibrary">
<arg>${summary_house_num}</arg>
<doc>Waits until the element ``locator`` appears on the current page.</doc>
<status status="PASS" starttime="20240229 20:07:28.616" endtime="20240229 20:07:28.620"/>
</kw>
<kw name="Get Text" library="SeleniumLibrary">
<var>${actual_summary_house_num}</var>
<arg>${summary_house_num}</arg>
<doc>Returns the text value of the element identified by ``locator``.</doc>
<msg timestamp="20240229 20:07:28.628" level="INFO">${actual_summary_house_num} = address123</msg>
<status status="PASS" starttime="20240229 20:07:28.620" endtime="20240229 20:07:28.628"/>
</kw>
<kw name="Should Be Equal As Strings" library="BuiltIn">
<arg>${actual_summary_house_num}</arg>
<arg>${address}</arg>
<doc>Fails if objects are unequal after converting them to strings.</doc>
<status status="PASS" starttime="20240229 20:07:28.628" endtime="20240229 20:07:28.628"/>
</kw>
<kw name="Wait Until Page Contains Element" library="SeleniumLibrary">
<arg>${summary_postal}</arg>
<doc>Waits until the element ``locator`` appears on the current page.</doc>
<status status="PASS" starttime="20240229 20:07:28.628" endtime="20240229 20:07:28.632"/>
</kw>
<kw name="Get Text" library="SeleniumLibrary">
<var>${actual_summary_postal}</var>
<arg>${summary_postal}</arg>
<doc>Returns the text value of the element identified by ``locator``.</doc>
<msg timestamp="20240229 20:07:28.640" level="INFO">${actual_summary_postal} = 1000</msg>
<status status="PASS" starttime="20240229 20:07:28.632" endtime="20240229 20:07:28.640"/>
</kw>
<kw name="Should Be Equal As Strings" library="BuiltIn">
<arg>${actual_summary_postal}</arg>
<arg>${postal_code}</arg>
<doc>Fails if objects are unequal after converting them to strings.</doc>
<status status="PASS" starttime="20240229 20:07:28.640" endtime="20240229 20:07:28.640"/>
</kw>
<kw name="Wait Until Page Contains Element" library="SeleniumLibrary">
<arg>${summary_country}</arg>
<doc>Waits until the element ``locator`` appears on the current page.</doc>
<status status="PASS" starttime="20240229 20:07:28.640" endtime="20240229 20:07:28.645"/>
</kw>
<kw name="Get Text" library="SeleniumLibrary">
<var>${actual_summary_country}</var>
<arg>${summary_country}</arg>
<doc>Returns the text value of the element identified by ``locator``.</doc>
<msg timestamp="20240229 20:07:28.652" level="INFO">${actual_summary_country} = Afghanistan</msg>
<status status="PASS" starttime="20240229 20:07:28.645" endtime="20240229 20:07:28.652"/>
</kw>
<kw name="Should Be Equal As Strings" library="BuiltIn">
<arg>${actual_summary_country}</arg>
<arg>Afghanistan</arg>
<doc>Fails if objects are unequal after converting them to strings.</doc>
<status status="PASS" starttime="20240229 20:07:28.652" endtime="20240229 20:07:28.652"/>
</kw>
<kw name="Wait Until Page Contains Element" library="SeleniumLibrary">
<arg>${summary_photo}</arg>
<doc>Waits until the element ``locator`` appears on the current page.</doc>
<status status="PASS" starttime="20240229 20:07:28.652" endtime="20240229 20:07:28.658"/>
</kw>
<kw name="Get Text" library="SeleniumLibrary">
<var>${actual_summary_country}</var>
<arg>${summary_photo}</arg>
<doc>Returns the text value of the element identified by ``locator``.</doc>
<msg timestamp="20240229 20:07:28.665" level="INFO">${actual_summary_country} = test.png</msg>
<status status="PASS" starttime="20240229 20:07:28.658" endtime="20240229 20:07:28.665"/>
</kw>
<kw name="Should Be Equal As Strings" library="BuiltIn">
<arg>${actual_summary_country}</arg>
<arg>test.png</arg>
<doc>Fails if objects are unequal after converting them to strings.</doc>
<status status="PASS" starttime="20240229 20:07:28.665" endtime="20240229 20:07:28.665"/>
</kw>
<kw name="Wait Until Page Contains Element" library="SeleniumLibrary">
<arg>${summary_gender}</arg>
<doc>Waits until the element ``locator`` appears on the current page.</doc>
<status status="PASS" starttime="20240229 20:07:28.665" endtime="20240229 20:07:28.669"/>
</kw>
<kw name="Get Text" library="SeleniumLibrary">
<var>${actual_summary_gender}</var>
<arg>${summary_gender}</arg>
<doc>Returns the text value of the element identified by ``locator``.</doc>
<msg timestamp="20240229 20:07:28.677" level="INFO">${actual_summary_gender} = Male</msg>
<status status="PASS" starttime="20240229 20:07:28.669" endtime="20240229 20:07:28.677"/>
</kw>
<kw name="Should Be Equal As Strings" library="BuiltIn">
<arg>${actual_summary_gender}</arg>
<arg>${gender}</arg>
<doc>Fails if objects are unequal after converting them to strings.</doc>
<status status="PASS" starttime="20240229 20:07:28.677" endtime="20240229 20:07:28.677"/>
</kw>
<kw name="Wait Until Page Contains Element" library="SeleniumLibrary">
<arg>${summary_role}</arg>
<doc>Waits until the element ``locator`` appears on the current page.</doc>
<status status="PASS" starttime="20240229 20:07:28.677" endtime="20240229 20:07:28.681"/>
</kw>
<kw name="Get Text" library="SeleniumLibrary">
<var>${actual_summary_role}</var>
<arg>${summary_role}</arg>
<doc>Returns the text value of the element identified by ``locator``.</doc>
<msg timestamp="20240229 20:07:28.689" level="INFO">${actual_summary_role} = Manual tester</msg>
<status status="PASS" starttime="20240229 20:07:28.681" endtime="20240229 20:07:28.689"/>
</kw>
<if>
<branch type="IF" condition="'${role}' == 'Manual Automation tester'">
<kw name="Set Variable" library="BuiltIn">
<var>${role}</var>
<arg>Manual + Automation tester</arg>
<doc>Returns the given values which can then be assigned to a variables.</doc>
<status status="NOT RUN" starttime="20240229 20:07:28.689" endtime="20240229 20:07:28.689"/>
</kw>
<status status="NOT RUN" starttime="20240229 20:07:28.689" endtime="20240229 20:07:28.689"/>
</branch>
<status status="PASS" starttime="20240229 20:07:28.689" endtime="20240229 20:07:28.689"/>
</if>
<kw name="Should Be Equal As Strings" library="BuiltIn">
<arg>${actual_summary_role}</arg>
<arg>${role}</arg>
<doc>Fails if objects are unequal after converting them to strings.</doc>
<status status="PASS" starttime="20240229 20:07:28.689" endtime="20240229 20:07:28.689"/>
</kw>
<kw name="Wait Until Page Contains Element" library="SeleniumLibrary">
<arg>${summary_tools}</arg>
<doc>Waits until the element ``locator`` appears on the current page.</doc>
<status status="PASS" starttime="20240229 20:07:28.693" endtime="20240229 20:07:28.693"/>
</kw>
<kw name="Get Text" library="SeleniumLibrary">
<var>${actual_summary_tools}</var>
<arg>${summary_tools}</arg>
<doc>Returns the text value of the element identified by ``locator``.</doc>
<msg timestamp="20240229 20:07:28.701" level="INFO">${actual_summary_tools} = Cypress</msg>
<status status="PASS" starttime="20240229 20:07:28.693" endtime="20240229 20:07:28.701"/>
</kw>
<kw name="Should Be Equal As Strings" library="BuiltIn">
<arg>${actual_summary_tools}</arg>
<arg>${tools}</arg>
<doc>Fails if objects are unequal after converting them to strings.</doc>
<status status="PASS" starttime="20240229 20:07:28.701" endtime="20240229 20:07:28.701"/>
</kw>
<kw name="Wait Until Page Contains Element" library="SeleniumLibrary">
<arg>${summary_career_obj}</arg>
<doc>Waits until the element ``locator`` appears on the current page.</doc>
<status status="PASS" starttime="20240229 20:07:28.701" endtime="20240229 20:07:28.706"/>
</kw>
<kw name="Get Text" library="SeleniumLibrary">
<var>${actual_summary_career_obj}</var>
<arg>${summary_career_obj}</arg>
<doc>Returns the text value of the element identified by ``locator``.</doc>
<msg timestamp="20240229 20:07:28.713" level="INFO">${actual_summary_career_obj} = careers</msg>
<status status="PASS" starttime="20240229 20:07:28.706" endtime="20240229 20:07:28.713"/>
</kw>
<kw name="Should Be Equal As Strings" library="BuiltIn">
<arg>${actual_summary_career_obj}</arg>
<arg>${career_goal}</arg>
<doc>Fails if objects are unequal after converting them to strings.</doc>
<status status="PASS" starttime="20240229 20:07:28.713" endtime="20240229 20:07:28.713"/>
</kw>
<kw name="Click Element" library="SeleniumLibrary">
<arg>${btn_validate_and_send}</arg>
<doc>Click the element identified by ``locator``.</doc>
<msg timestamp="20240229 20:07:28.717" level="INFO">Clicking element 'css:div.d-none button#submitButton'.</msg>
<status status="PASS" starttime="20240229 20:07:28.717" endtime="20240229 20:07:28.945"/>
</kw>
<status status="PASS" starttime="20240229 20:07:25.604" endtime="20240229 20:07:28.945"/>
</kw>
<kw name="And Thank You Message Was Displayed">
<kw name="Wait Until Page Contains Element" library="SeleniumLibrary">
<arg>${txt_thank_you_msg}</arg>
<doc>Waits until the element ``locator`` appears on the current page.</doc>
<status status="PASS" starttime="20240229 20:07:28.946" endtime="20240229 20:07:30.569"/>
</kw>
<status status="PASS" starttime="20240229 20:07:28.946" endtime="20240229 20:07:30.569"/>
</kw>
<kw name="Close Browser" library="SeleniumLibrary" type="TEARDOWN">
<doc>Closes the current browser.</doc>
<status status="PASS" starttime="20240229 20:07:30.569" endtime="20240229 20:07:33.792"/>
</kw>
<status status="PASS" starttime="20240229 20:06:55.052" endtime="20240229 20:07:33.792"/>
</test>
<status status="PASS" starttime="20240229 19:54:56.200" endtime="20240229 20:07:33.792"/>
</suite>
<statistics>
<total>
<stat pass="20" fail="0" skip="0">All Tests</stat>
</total>
<tag>
</tag>
<suite>
<stat pass="20" fail="0" skip="0" id="s1" name="Login">Login</stat>
</suite>
</statistics>
<errors>
</errors>
</robot>
